0 verbose cli C:\Program Files\nodejs\node.exe C:\Users\pmdin\AppData\Roaming\npm\node_modules\npm\bin\npm-cli.js
1 info using npm@11.6.1
2 info using node@v22.19.0
3 silly config load:file:C:\Users\pmdin\AppData\Roaming\npm\node_modules\npm\npmrc
4 silly config load:file:C:\Practice\todo\frontend\.npmrc
5 silly config load:file:C:\Users\pmdin\.npmrc
6 silly config load:file:C:\Users\pmdin\AppData\Roaming\npm\etc\npmrc
7 verbose title npm install
8 verbose argv "install"
9 verbose logfile logs-max:10 dir:C:\Practice\todo\frontend\UserspmdinAppDataRoamingnpm\_logs\2025-11-02T02_22_14_148Z-
10 verbose logfile C:\Practice\todo\frontend\UserspmdinAppDataRoamingnpm\_logs\2025-11-02T02_22_14_148Z-debug-0.log
11 silly logfile done cleaning log files
12 silly packumentCache heap:2197815296 maxSize:549453824 maxEntrySize:274726912
13 silly idealTree buildDeps
14 silly fetch manifest axios@^1.4.0
15 silly packumentCache full:https://registry.npmjs.org/axios cache-miss
16 http fetch GET 200 https://registry.npmjs.org/axios 286ms (cache miss)
17 silly packumentCache full:https://registry.npmjs.org/axios set size:undefined disposed:false
18 silly fetch manifest react@^18.2.0
19 silly packumentCache full:https://registry.npmjs.org/react cache-miss
20 http fetch GET 200 https://registry.npmjs.org/npm 434ms
21 http fetch GET 200 https://registry.npmjs.org/react 206ms (cache miss)
22 silly packumentCache full:https://registry.npmjs.org/react set size:undefined disposed:false
23 silly fetch manifest react-dom@^18.2.0
24 silly packumentCache full:https://registry.npmjs.org/react-dom cache-miss
25 http fetch GET 200 https://registry.npmjs.org/react-dom 217ms (cache miss)
26 silly packumentCache full:https://registry.npmjs.org/react-dom set size:undefined disposed:false
27 silly fetch manifest vite@^4.4.9
28 silly packumentCache full:https://registry.npmjs.org/vite cache-miss
29 http fetch GET 200 https://registry.npmjs.org/vite 752ms (cache miss)
30 silly packumentCache full:https://registry.npmjs.org/vite set size:undefined disposed:false
31 silly fetch manifest @types/node@>= 14
32 silly packumentCache full:https://registry.npmjs.org/@types%2fnode cache-miss
33 http fetch GET 200 https://registry.npmjs.org/@types%2fnode 199ms (cache miss)
34 silly packumentCache full:https://registry.npmjs.org/@types%2fnode set size:undefined disposed:false
35 silly fetch manifest less@*
36 silly packumentCache full:https://registry.npmjs.org/less cache-miss
37 http fetch GET 200 https://registry.npmjs.org/less 69ms (cache miss)
38 silly packumentCache full:https://registry.npmjs.org/less set size:undefined disposed:false
39 silly fetch manifest lightningcss@^1.21.0
40 silly packumentCache full:https://registry.npmjs.org/lightningcss cache-miss
41 http fetch GET 200 https://registry.npmjs.org/lightningcss 78ms (cache miss)
42 silly packumentCache full:https://registry.npmjs.org/lightningcss set size:undefined disposed:false
43 silly fetch manifest sass@*
44 silly packumentCache full:https://registry.npmjs.org/sass cache-miss
45 http fetch GET 200 https://registry.npmjs.org/sass 82ms (cache miss)
46 silly packumentCache full:https://registry.npmjs.org/sass set size:undefined disposed:false
47 silly fetch manifest stylus@*
48 silly packumentCache full:https://registry.npmjs.org/stylus cache-miss
49 http fetch GET 200 https://registry.npmjs.org/stylus 73ms (cache miss)
50 silly packumentCache full:https://registry.npmjs.org/stylus set size:undefined disposed:false
51 silly fetch manifest sugarss@*
52 silly packumentCache full:https://registry.npmjs.org/sugarss cache-miss
53 http fetch GET 200 https://registry.npmjs.org/sugarss 69ms (cache miss)
54 silly packumentCache full:https://registry.npmjs.org/sugarss set size:undefined disposed:false
55 silly fetch manifest postcss@^8.3.3
56 silly packumentCache full:https://registry.npmjs.org/postcss cache-miss
57 http fetch GET 200 https://registry.npmjs.org/postcss 75ms (cache miss)
58 silly packumentCache full:https://registry.npmjs.org/postcss set size:undefined disposed:false
59 silly fetch manifest terser@^5.4.0
60 silly packumentCache full:https://registry.npmjs.org/terser cache-miss
61 http fetch GET 200 https://registry.npmjs.org/terser 85ms (cache miss)
62 silly packumentCache full:https://registry.npmjs.org/terser set size:undefined disposed:false
63 silly fetch manifest @vitejs/plugin-react@^3.1.0
64 silly packumentCache full:https://registry.npmjs.org/@vitejs%2fplugin-react cache-miss
65 http fetch GET 200 https://registry.npmjs.org/@vitejs%2fplugin-react 266ms (cache miss)
66 silly packumentCache full:https://registry.npmjs.org/@vitejs%2fplugin-react set size:undefined disposed:false
67 silly placeDep ROOT @vitejs/plugin-react@3.1.0 OK for: todo-frontend@1.0.0 want: ^3.1.0
68 silly placeDep ROOT vite@4.5.14 OK for: @vitejs/plugin-react@3.1.0 want: ^4.1.0-beta.0
69 silly placeDep ROOT axios@1.13.1 OK for: todo-frontend@1.0.0 want: ^1.4.0
70 silly placeDep ROOT react@18.3.1 OK for: todo-frontend@1.0.0 want: ^18.2.0
71 silly placeDep ROOT react-dom@18.3.1 OK for: todo-frontend@1.0.0 want: ^18.2.0
72 silly fetch manifest @babel/core@^7.20.12
73 silly packumentCache full:https://registry.npmjs.org/@babel%2fcore cache-miss
74 silly fetch manifest magic-string@^0.27.0
75 silly packumentCache full:https://registry.npmjs.org/magic-string cache-miss
76 silly fetch manifest react-refresh@^0.14.0
77 silly packumentCache full:https://registry.npmjs.org/react-refresh cache-miss
78 silly fetch manifest @babel/plugin-transform-react-jsx-self@^7.18.6
79 silly packumentCache full:https://registry.npmjs.org/@babel%2fplugin-transform-react-jsx-self cache-miss
80 silly fetch manifest @babel/plugin-transform-react-jsx-source@^7.19.6
81 silly packumentCache full:https://registry.npmjs.org/@babel%2fplugin-transform-react-jsx-source cache-miss
82 silly fetch manifest rollup@^3.27.1
83 silly packumentCache full:https://registry.npmjs.org/rollup cache-miss
84 silly fetch manifest esbuild@^0.18.10
85 silly packumentCache full:https://registry.npmjs.org/esbuild cache-miss
86 http fetch GET 200 https://registry.npmjs.org/magic-string 73ms (cache miss)
87 silly packumentCache full:https://registry.npmjs.org/magic-string set size:undefined disposed:false
88 silly fetch manifest postcss@^8.4.27
89 silly packumentCache full:https://registry.npmjs.org/postcss cache-miss
90 http cache https://registry.npmjs.org/postcss 186ms (cache hit)
91 silly packumentCache full:https://registry.npmjs.org/postcss set size:696248 disposed:false
92 silly fetch manifest fsevents@~2.3.2
93 silly packumentCache full:https://registry.npmjs.org/fsevents cache-miss
94 http fetch GET 200 https://registry.npmjs.org/@babel%2fcore 335ms (cache miss)
95 silly packumentCache full:https://registry.npmjs.org/@babel%2fcore set size:undefined disposed:false
96 silly fetch manifest form-data@^4.0.4
97 silly packumentCache full:https://registry.npmjs.org/form-data cache-miss
98 http fetch GET 200 https://registry.npmjs.org/@babel%2fplugin-transform-react-jsx-self 350ms (cache miss)
99 silly packumentCache full:https://registry.npmjs.org/@babel%2fplugin-transform-react-jsx-self set size:undefined disposed:false
100 silly fetch manifest proxy-from-env@^1.1.0
101 silly packumentCache full:https://registry.npmjs.org/proxy-from-env cache-miss
102 http fetch GET 200 https://registry.npmjs.org/@babel%2fplugin-transform-react-jsx-source 421ms (cache miss)
103 silly packumentCache full:https://registry.npmjs.org/@babel%2fplugin-transform-react-jsx-source set size:undefined disposed:false
104 silly fetch manifest follow-redirects@^1.15.6
105 silly packumentCache full:https://registry.npmjs.org/follow-redirects cache-miss
106 http fetch GET 200 https://registry.npmjs.org/fsevents 151ms (cache miss)
107 silly packumentCache full:https://registry.npmjs.org/fsevents set size:undefined disposed:false
108 silly fetch manifest loose-envify@^1.1.0
109 silly packumentCache full:https://registry.npmjs.org/loose-envify cache-miss
110 http fetch GET 200 https://registry.npmjs.org/proxy-from-env 94ms (cache miss)
111 silly packumentCache full:https://registry.npmjs.org/proxy-from-env set size:undefined disposed:false
112 silly fetch manifest scheduler@^0.23.2
113 silly packumentCache full:https://registry.npmjs.org/scheduler cache-miss
114 http fetch GET 200 https://registry.npmjs.org/form-data 119ms (cache miss)
115 silly packumentCache full:https://registry.npmjs.org/form-data set size:undefined disposed:false
116 silly fetch manifest loose-envify@^1.1.0
117 silly packumentCache full:https://registry.npmjs.org/loose-envify cache-miss
118 http fetch GET 200 https://registry.npmjs.org/loose-envify 80ms (cache miss)
119 silly packumentCache full:https://registry.npmjs.org/loose-envify set size:undefined disposed:false
120 http fetch GET 200 https://registry.npmjs.org/follow-redirects 105ms (cache miss)
121 silly packumentCache full:https://registry.npmjs.org/follow-redirects set size:undefined disposed:false
122 http fetch GET 200 https://registry.npmjs.org/loose-envify 84ms (cache miss)
123 silly packumentCache full:https://registry.npmjs.org/loose-envify set size:undefined disposed:false
124 http fetch GET 200 https://registry.npmjs.org/esbuild 556ms (cache miss)
125 silly packumentCache full:https://registry.npmjs.org/esbuild set size:undefined disposed:false
126 http fetch GET 200 https://registry.npmjs.org/react-refresh 709ms (cache miss)
127 silly packumentCache full:https://registry.npmjs.org/react-refresh set size:undefined disposed:false
128 http fetch GET 200 https://registry.npmjs.org/rollup 818ms (cache miss)
129 silly packumentCache full:https://registry.npmjs.org/rollup set size:undefined disposed:false
130 http fetch GET 200 https://registry.npmjs.org/scheduler 516ms (cache miss)
131 silly packumentCache full:https://registry.npmjs.org/scheduler set size:undefined disposed:false
132 silly placeDep ROOT @babel/core@7.28.5 OK for: @vitejs/plugin-react@3.1.0 want: ^7.20.12
133 silly placeDep ROOT @babel/plugin-transform-react-jsx-self@7.27.1 OK for: @vitejs/plugin-react@3.1.0 want: ^7.18.6
134 silly placeDep ROOT @babel/plugin-transform-react-jsx-source@7.27.1 OK for: @vitejs/plugin-react@3.1.0 want: ^7.19.6
135 silly placeDep ROOT magic-string@0.27.0 OK for: @vitejs/plugin-react@3.1.0 want: ^0.27.0
136 silly placeDep ROOT react-refresh@0.14.2 OK for: @vitejs/plugin-react@3.1.0 want: ^0.14.0
137 silly fetch manifest @babel/code-frame@^7.27.1
138 silly packumentCache full:https://registry.npmjs.org/@babel%2fcode-frame cache-miss
139 silly fetch manifest @babel/generator@^7.28.5
140 silly packumentCache full:https://registry.npmjs.org/@babel%2fgenerator cache-miss
141 silly fetch manifest @babel/helper-compilation-targets@^7.27.2
142 silly packumentCache full:https://registry.npmjs.org/@babel%2fhelper-compilation-targets cache-miss
143 silly fetch manifest @babel/helper-module-transforms@^7.28.3
144 silly packumentCache full:https://registry.npmjs.org/@babel%2fhelper-module-transforms cache-miss
145 silly fetch manifest @babel/helpers@^7.28.4
146 silly packumentCache full:https://registry.npmjs.org/@babel%2fhelpers cache-miss
147 silly fetch manifest @babel/parser@^7.28.5
148 silly packumentCache full:https://registry.npmjs.org/@babel%2fparser cache-miss
149 silly fetch manifest @babel/template@^7.27.2
150 silly packumentCache full:https://registry.npmjs.org/@babel%2ftemplate cache-miss
151 http fetch GET 200 https://registry.npmjs.org/@babel%2fcode-frame 119ms (cache miss)
152 silly packumentCache full:https://registry.npmjs.org/@babel%2fcode-frame set size:undefined disposed:false
153 silly fetch manifest @babel/traverse@^7.28.5
154 silly packumentCache full:https://registry.npmjs.org/@babel%2ftraverse cache-miss
155 http fetch GET 200 https://registry.npmjs.org/@babel%2fhelper-compilation-targets 135ms (cache miss)
156 silly packumentCache full:https://registry.npmjs.org/@babel%2fhelper-compilation-targets set size:undefined disposed:false
157 silly fetch manifest @babel/types@^7.28.5
158 silly packumentCache full:https://registry.npmjs.org/@babel%2ftypes cache-miss
159 http fetch GET 200 https://registry.npmjs.org/@babel%2ftemplate 144ms (cache miss)
160 silly packumentCache full:https://registry.npmjs.org/@babel%2ftemplate set size:undefined disposed:false
161 silly fetch manifest @jridgewell/remapping@^2.3.5
162 silly packumentCache full:https://registry.npmjs.org/@jridgewell%2fremapping cache-miss
163 http fetch GET 200 https://registry.npmjs.org/@babel%2fhelper-module-transforms 156ms (cache miss)
164 silly packumentCache full:https://registry.npmjs.org/@babel%2fhelper-module-transforms set size:undefined disposed:false
165 silly fetch manifest convert-source-map@^2.0.0
166 silly packumentCache full:https://registry.npmjs.org/convert-source-map cache-miss
167 http fetch GET 200 https://registry.npmjs.org/@babel%2fgenerator 168ms (cache miss)
168 silly packumentCache full:https://registry.npmjs.org/@babel%2fgenerator set size:undefined disposed:false
169 silly fetch manifest debug@^4.1.0
170 silly packumentCache full:https://registry.npmjs.org/debug cache-miss
171 http fetch GET 200 https://registry.npmjs.org/@babel%2fhelpers 177ms (cache miss)
172 silly packumentCache full:https://registry.npmjs.org/@babel%2fhelpers set size:undefined disposed:false
173 silly fetch manifest gensync@^1.0.0-beta.2
174 silly packumentCache full:https://registry.npmjs.org/gensync cache-miss
175 http fetch GET 200 https://registry.npmjs.org/@babel%2fparser 192ms (cache miss)
176 silly packumentCache full:https://registry.npmjs.org/@babel%2fparser set size:undefined disposed:false
177 silly fetch manifest json5@^2.2.3
178 silly packumentCache full:https://registry.npmjs.org/json5 cache-miss
179 http fetch GET 200 https://registry.npmjs.org/convert-source-map 77ms (cache miss)
180 silly packumentCache full:https://registry.npmjs.org/convert-source-map set size:undefined disposed:false
181 silly fetch manifest semver@^6.3.1
182 silly packumentCache full:https://registry.npmjs.org/semver cache-miss
183 http fetch GET 200 https://registry.npmjs.org/@babel%2ftypes 117ms (cache miss)
184 silly packumentCache full:https://registry.npmjs.org/@babel%2ftypes set size:undefined disposed:false
185 silly fetch manifest @babel/helper-plugin-utils@^7.27.1
186 silly packumentCache full:https://registry.npmjs.org/@babel%2fhelper-plugin-utils cache-miss
187 http fetch GET 200 https://registry.npmjs.org/@babel%2ftraverse 146ms (cache miss)
188 silly packumentCache full:https://registry.npmjs.org/@babel%2ftraverse set size:undefined disposed:false
189 silly fetch manifest @babel/helper-plugin-utils@^7.27.1
190 silly packumentCache full:https://registry.npmjs.org/@babel%2fhelper-plugin-utils cache-miss
191 http fetch GET 200 https://registry.npmjs.org/@jridgewell%2fremapping 142ms (cache miss)
192 silly packumentCache full:https://registry.npmjs.org/@jridgewell%2fremapping set size:undefined disposed:false
193 silly fetch manifest @jridgewell/sourcemap-codec@^1.4.13
194 silly packumentCache full:https://registry.npmjs.org/@jridgewell%2fsourcemap-codec cache-miss
195 http fetch GET 200 https://registry.npmjs.org/gensync 114ms (cache miss)
196 silly packumentCache full:https://registry.npmjs.org/gensync set size:undefined disposed:false
197 http fetch GET 200 https://registry.npmjs.org/debug 130ms (cache miss)
198 silly packumentCache full:https://registry.npmjs.org/debug set size:undefined disposed:false
199 http fetch GET 200 https://registry.npmjs.org/json5 106ms (cache miss)
200 silly packumentCache full:https://registry.npmjs.org/json5 set size:undefined disposed:false
201 http fetch GET 200 https://registry.npmjs.org/semver 80ms (cache miss)
202 silly packumentCache full:https://registry.npmjs.org/semver set size:undefined disposed:false
203 http fetch GET 200 https://registry.npmjs.org/@babel%2fhelper-plugin-utils 87ms (cache miss)
204 silly packumentCache full:https://registry.npmjs.org/@babel%2fhelper-plugin-utils set size:undefined disposed:false
205 http fetch GET 200 https://registry.npmjs.org/@babel%2fhelper-plugin-utils 104ms (cache miss)
206 silly packumentCache full:https://registry.npmjs.org/@babel%2fhelper-plugin-utils set size:undefined disposed:false
207 http fetch GET 200 https://registry.npmjs.org/@jridgewell%2fsourcemap-codec 82ms (cache miss)
208 silly packumentCache full:https://registry.npmjs.org/@jridgewell%2fsourcemap-codec set size:undefined disposed:false
209 silly fetch manifest @babel/core@^7.0.0
210 silly packumentCache full:https://registry.npmjs.org/@babel%2fcore cache-miss
211 http cache https://registry.npmjs.org/@babel%2fcore 10ms (cache hit)
212 silly packumentCache full:https://registry.npmjs.org/@babel%2fcore set size:738278 disposed:false
213 silly placeDep ROOT @babel/code-frame@7.27.1 OK for: @babel/core@7.28.5 want: ^7.27.1
214 silly placeDep ROOT @babel/generator@7.28.5 OK for: @babel/core@7.28.5 want: ^7.28.5
215 silly placeDep ROOT @babel/helper-compilation-targets@7.27.2 OK for: @babel/core@7.28.5 want: ^7.27.2
216 silly placeDep ROOT @babel/helper-module-transforms@7.28.3 OK for: @babel/core@7.28.5 want: ^7.28.3
217 silly placeDep ROOT @babel/helpers@7.28.4 OK for: @babel/core@7.28.5 want: ^7.28.4
218 silly placeDep ROOT @babel/parser@7.28.5 OK for: @babel/core@7.28.5 want: ^7.28.5
219 silly placeDep ROOT @babel/template@7.27.2 OK for: @babel/core@7.28.5 want: ^7.27.2
220 silly placeDep ROOT @babel/traverse@7.28.5 OK for: @babel/core@7.28.5 want: ^7.28.5
221 silly placeDep ROOT @babel/types@7.28.5 OK for: @babel/core@7.28.5 want: ^7.28.5
222 silly placeDep ROOT @jridgewell/remapping@2.3.5 OK for: @babel/core@7.28.5 want: ^2.3.5
223 silly placeDep ROOT convert-source-map@2.0.0 OK for: @babel/core@7.28.5 want: ^2.0.0
224 silly placeDep ROOT debug@4.4.3 OK for: @babel/core@7.28.5 want: ^4.1.0
225 silly placeDep ROOT gensync@1.0.0-beta.2 OK for: @babel/core@7.28.5 want: ^1.0.0-beta.2
226 silly placeDep ROOT json5@2.2.3 OK for: @babel/core@7.28.5 want: ^2.2.3
227 silly placeDep ROOT semver@6.3.1 OK for: @babel/core@7.28.5 want: ^6.3.1
228 silly fetch manifest js-tokens@^4.0.0
229 silly packumentCache full:https://registry.npmjs.org/js-tokens cache-miss
230 silly fetch manifest picocolors@^1.1.1
231 silly packumentCache full:https://registry.npmjs.org/picocolors cache-miss
232 silly fetch manifest @babel/helper-validator-identifier@^7.27.1
233 silly packumentCache full:https://registry.npmjs.org/@babel%2fhelper-validator-identifier cache-miss
234 silly fetch manifest @jridgewell/gen-mapping@^0.3.12
235 silly packumentCache full:https://registry.npmjs.org/@jridgewell%2fgen-mapping cache-miss
236 silly fetch manifest @jridgewell/trace-mapping@^0.3.28
237 silly packumentCache full:https://registry.npmjs.org/@jridgewell%2ftrace-mapping cache-miss
238 silly fetch manifest jsesc@^3.0.2
239 silly packumentCache full:https://registry.npmjs.org/jsesc cache-miss
240 silly fetch manifest lru-cache@^5.1.1
241 silly packumentCache full:https://registry.npmjs.org/lru-cache cache-miss
242 http fetch GET 200 https://registry.npmjs.org/picocolors 76ms (cache miss)
243 silly packumentCache full:https://registry.npmjs.org/picocolors set size:undefined disposed:false
244 silly fetch manifest browserslist@^4.24.0
245 silly packumentCache full:https://registry.npmjs.org/browserslist cache-miss
246 http fetch GET 200 https://registry.npmjs.org/js-tokens 85ms (cache miss)
247 silly packumentCache full:https://registry.npmjs.org/js-tokens set size:undefined disposed:false
248 silly fetch manifest @babel/compat-data@^7.27.2
249 silly packumentCache full:https://registry.npmjs.org/@babel%2fcompat-data cache-miss
250 http fetch GET 200 https://registry.npmjs.org/jsesc 87ms (cache miss)
251 silly packumentCache full:https://registry.npmjs.org/jsesc set size:undefined disposed:false
252 silly fetch manifest @babel/helper-validator-option@^7.27.1
253 silly packumentCache full:https://registry.npmjs.org/@babel%2fhelper-validator-option cache-miss
254 http fetch GET 200 https://registry.npmjs.org/lru-cache 106ms (cache miss)
255 silly packumentCache full:https://registry.npmjs.org/lru-cache set size:undefined disposed:false
256 silly fetch manifest @babel/traverse@^7.28.3
257 silly packumentCache full:https://registry.npmjs.org/@babel%2ftraverse cache-miss
258 http fetch GET 200 https://registry.npmjs.org/@babel%2fhelper-validator-identifier 122ms (cache miss)
259 silly packumentCache full:https://registry.npmjs.org/@babel%2fhelper-validator-identifier set size:undefined disposed:false
260 silly fetch manifest @babel/helper-module-imports@^7.27.1
261 silly packumentCache full:https://registry.npmjs.org/@babel%2fhelper-module-imports cache-miss
262 http cache https://registry.npmjs.org/@babel%2ftraverse 19ms (cache hit)
263 silly packumentCache full:https://registry.npmjs.org/@babel%2ftraverse set size:535703 disposed:false
264 silly fetch manifest @babel/types@^7.28.4
265 silly packumentCache full:https://registry.npmjs.org/@babel%2ftypes cache-miss
266 http cache https://registry.npmjs.org/@babel%2ftypes 13ms (cache hit)
267 silly packumentCache full:https://registry.npmjs.org/@babel%2ftypes set size:475698 disposed:false
268 silly fetch manifest @babel/types@^7.27.1
269 silly packumentCache full:https://registry.npmjs.org/@babel%2ftypes cache-hit
270 silly fetch manifest @babel/helper-globals@^7.28.0
271 silly packumentCache full:https://registry.npmjs.org/@babel%2fhelper-globals cache-miss
272 http fetch GET 200 https://registry.npmjs.org/browserslist 97ms (cache miss)
273 silly packumentCache full:https://registry.npmjs.org/browserslist set size:undefined disposed:false
274 silly fetch manifest debug@^4.3.1
275 silly packumentCache full:https://registry.npmjs.org/debug cache-miss
276 http fetch GET 200 https://registry.npmjs.org/@babel%2fhelper-validator-option 102ms (cache miss)
277 silly packumentCache full:https://registry.npmjs.org/@babel%2fhelper-validator-option set size:undefined disposed:false
278 silly fetch manifest @babel/helper-string-parser@^7.27.1
279 silly packumentCache full:https://registry.npmjs.org/@babel%2fhelper-string-parser cache-miss
280 http cache https://registry.npmjs.org/debug 17ms (cache hit)
281 silly packumentCache full:https://registry.npmjs.org/debug set size:195840 disposed:false
282 silly fetch manifest @babel/helper-validator-identifier@^7.28.5
283 silly packumentCache full:https://registry.npmjs.org/@babel%2fhelper-validator-identifier cache-miss
284 http fetch GET 200 https://registry.npmjs.org/@babel%2fcompat-data 128ms (cache miss)
285 silly packumentCache full:https://registry.npmjs.org/@babel%2fcompat-data set size:undefined disposed:false
286 silly fetch manifest @jridgewell/gen-mapping@^0.3.5
287 silly packumentCache full:https://registry.npmjs.org/@jridgewell%2fgen-mapping cache-miss
288 http cache https://registry.npmjs.org/@babel%2fhelper-validator-identifier 19ms (cache hit)
289 silly packumentCache full:https://registry.npmjs.org/@babel%2fhelper-validator-identifier set size:108996 disposed:false
290 silly fetch manifest @jridgewell/trace-mapping@^0.3.24
291 silly packumentCache full:https://registry.npmjs.org/@jridgewell%2ftrace-mapping cache-miss
292 http fetch GET 200 https://registry.npmjs.org/@babel%2fhelper-module-imports 108ms (cache miss)
293 silly packumentCache full:https://registry.npmjs.org/@babel%2fhelper-module-imports set size:undefined disposed:false
294 silly fetch manifest ms@^2.1.3
295 silly packumentCache full:https://registry.npmjs.org/ms cache-miss
296 http fetch GET 200 https://registry.npmjs.org/@babel%2fhelper-globals 103ms (cache miss)
297 silly packumentCache full:https://registry.npmjs.org/@babel%2fhelper-globals set size:undefined disposed:false
298 http fetch GET 200 https://registry.npmjs.org/@babel%2fhelper-string-parser 81ms (cache miss)
299 silly packumentCache full:https://registry.npmjs.org/@babel%2fhelper-string-parser set size:undefined disposed:false
300 http fetch GET 200 https://registry.npmjs.org/@jridgewell%2fgen-mapping 282ms (cache miss)
301 silly packumentCache full:https://registry.npmjs.org/@jridgewell%2fgen-mapping set size:undefined disposed:false
302 http fetch GET 200 https://registry.npmjs.org/@jridgewell%2ftrace-mapping 288ms (cache miss)
303 silly packumentCache full:https://registry.npmjs.org/@jridgewell%2ftrace-mapping set size:undefined disposed:false
304 http fetch GET 200 https://registry.npmjs.org/@jridgewell%2fgen-mapping 80ms (cache miss)
305 silly packumentCache full:https://registry.npmjs.org/@jridgewell%2fgen-mapping set size:undefined disposed:false
306 http fetch GET 200 https://registry.npmjs.org/ms 80ms (cache miss)
307 silly packumentCache full:https://registry.npmjs.org/ms set size:undefined disposed:false
308 http fetch GET 200 https://registry.npmjs.org/@jridgewell%2ftrace-mapping 302ms (cache miss)
309 silly packumentCache full:https://registry.npmjs.org/@jridgewell%2ftrace-mapping set size:undefined disposed:false
310 silly placeDep ROOT @babel/helper-validator-identifier@7.28.5 OK for: @babel/code-frame@7.27.1 want: ^7.27.1
311 silly placeDep ROOT js-tokens@4.0.0 OK for: @babel/code-frame@7.27.1 want: ^4.0.0
312 silly placeDep ROOT picocolors@1.1.1 OK for: @babel/code-frame@7.27.1 want: ^1.1.1
313 silly placeDep ROOT @jridgewell/gen-mapping@0.3.13 OK for: @babel/generator@7.28.5 want: ^0.3.12
314 silly placeDep ROOT @jridgewell/trace-mapping@0.3.31 OK for: @babel/generator@7.28.5 want: ^0.3.28
315 silly placeDep ROOT jsesc@3.1.0 OK for: @babel/generator@7.28.5 want: ^3.0.2
316 silly fetch manifest @jridgewell/sourcemap-codec@^1.5.0
317 silly packumentCache full:https://registry.npmjs.org/@jridgewell%2fsourcemap-codec cache-miss
318 silly fetch manifest @jridgewell/resolve-uri@^3.1.0
319 silly packumentCache full:https://registry.npmjs.org/@jridgewell%2fresolve-uri cache-miss
320 silly fetch manifest @jridgewell/sourcemap-codec@^1.4.14
321 silly packumentCache full:https://registry.npmjs.org/@jridgewell%2fsourcemap-codec cache-miss
322 http cache https://registry.npmjs.org/@jridgewell%2fsourcemap-codec 8ms (cache hit)
323 silly packumentCache full:https://registry.npmjs.org/@jridgewell%2fsourcemap-codec set size:59275 disposed:false
324 http cache https://registry.npmjs.org/@jridgewell%2fsourcemap-codec 9ms (cache hit)
325 silly packumentCache full:https://registry.npmjs.org/@jridgewell%2fsourcemap-codec set size:59275 disposed:false
326 silly packumentCache full:https://registry.npmjs.org/@jridgewell%2fsourcemap-codec dispose
327 http fetch GET 200 https://registry.npmjs.org/@jridgewell%2fresolve-uri 79ms (cache miss)
328 silly packumentCache full:https://registry.npmjs.org/@jridgewell%2fresolve-uri set size:undefined disposed:false
329 silly placeDep ROOT @babel/compat-data@7.28.5 OK for: @babel/helper-compilation-targets@7.27.2 want: ^7.27.2
330 silly placeDep ROOT @babel/helper-validator-option@7.27.1 OK for: @babel/helper-compilation-targets@7.27.2 want: ^7.27.1
331 silly placeDep ROOT browserslist@4.27.0 OK for: @babel/helper-compilation-targets@7.27.2 want: ^4.24.0
332 silly placeDep ROOT lru-cache@5.1.1 OK for: @babel/helper-compilation-targets@7.27.2 want: ^5.1.1
333 silly fetch manifest baseline-browser-mapping@^2.8.19
334 silly packumentCache full:https://registry.npmjs.org/baseline-browser-mapping cache-miss
335 silly fetch manifest caniuse-lite@^1.0.30001751
336 silly packumentCache full:https://registry.npmjs.org/caniuse-lite cache-miss
337 silly fetch manifest electron-to-chromium@^1.5.238
338 silly packumentCache full:https://registry.npmjs.org/electron-to-chromium cache-miss
339 silly fetch manifest node-releases@^2.0.26
340 silly packumentCache full:https://registry.npmjs.org/node-releases cache-miss
341 silly fetch manifest update-browserslist-db@^1.1.4
342 silly packumentCache full:https://registry.npmjs.org/update-browserslist-db cache-miss
343 silly fetch manifest yallist@^3.0.2
344 silly packumentCache full:https://registry.npmjs.org/yallist cache-miss
345 http fetch GET 200 https://registry.npmjs.org/yallist 92ms (cache miss)
346 silly packumentCache full:https://registry.npmjs.org/yallist set size:undefined disposed:false
347 http fetch GET 200 https://registry.npmjs.org/update-browserslist-db 97ms (cache miss)
348 silly packumentCache full:https://registry.npmjs.org/update-browserslist-db set size:undefined disposed:false
349 http fetch GET 200 https://registry.npmjs.org/node-releases 106ms (cache miss)
350 silly packumentCache full:https://registry.npmjs.org/node-releases set size:undefined disposed:false
351 http fetch GET 200 https://registry.npmjs.org/caniuse-lite 161ms (cache miss)
352 silly packumentCache full:https://registry.npmjs.org/caniuse-lite set size:undefined disposed:false
353 http fetch GET 200 https://registry.npmjs.org/electron-to-chromium 221ms (cache miss)
354 silly packumentCache full:https://registry.npmjs.org/electron-to-chromium set size:undefined disposed:false
355 http fetch GET 200 https://registry.npmjs.org/baseline-browser-mapping 857ms (cache miss)
356 silly packumentCache full:https://registry.npmjs.org/baseline-browser-mapping set size:undefined disposed:false
357 silly placeDep ROOT @babel/helper-module-imports@7.27.1 OK for: @babel/helper-module-transforms@7.28.3 want: ^7.27.1
358 silly placeDep ROOT @babel/helper-plugin-utils@7.27.1 OK for: @babel/plugin-transform-react-jsx-self@7.27.1 want: ^7.27.1
359 silly placeDep ROOT @babel/helper-globals@7.28.0 OK for: @babel/traverse@7.28.5 want: ^7.28.0
360 silly placeDep ROOT @babel/helper-string-parser@7.27.1 OK for: @babel/types@7.28.5 want: ^7.27.1
361 silly placeDep ROOT @jridgewell/sourcemap-codec@1.5.5 OK for: @jridgewell/gen-mapping@0.3.13 want: ^1.5.0
362 silly placeDep ROOT @jridgewell/resolve-uri@3.1.2 OK for: @jridgewell/trace-mapping@0.3.31 want: ^3.1.0
363 silly placeDep ROOT follow-redirects@1.15.11 OK for: axios@1.13.1 want: ^1.15.6
364 silly placeDep ROOT form-data@4.0.4 OK for: axios@1.13.1 want: ^4.0.4
365 silly placeDep ROOT proxy-from-env@1.1.0 OK for: axios@1.13.1 want: ^1.1.0
366 silly fetch manifest hasown@^2.0.2
367 silly packumentCache full:https://registry.npmjs.org/hasown cache-miss
368 silly fetch manifest asynckit@^0.4.0
369 silly packumentCache full:https://registry.npmjs.org/asynckit cache-miss
370 silly fetch manifest mime-types@^2.1.12
371 silly packumentCache full:https://registry.npmjs.org/mime-types cache-miss
372 silly fetch manifest combined-stream@^1.0.8
373 silly packumentCache full:https://registry.npmjs.org/combined-stream cache-miss
374 silly fetch manifest es-set-tostringtag@^2.1.0
375 silly packumentCache full:https://registry.npmjs.org/es-set-tostringtag cache-miss
376 http fetch GET 200 https://registry.npmjs.org/asynckit 75ms (cache miss)
377 silly packumentCache full:https://registry.npmjs.org/asynckit set size:undefined disposed:false
378 http fetch GET 200 https://registry.npmjs.org/es-set-tostringtag 77ms (cache miss)
379 silly packumentCache full:https://registry.npmjs.org/es-set-tostringtag set size:undefined disposed:false
380 http fetch GET 200 https://registry.npmjs.org/hasown 85ms (cache miss)
381 silly packumentCache full:https://registry.npmjs.org/hasown set size:undefined disposed:false
382 http fetch GET 200 https://registry.npmjs.org/combined-stream 85ms (cache miss)
383 silly packumentCache full:https://registry.npmjs.org/combined-stream set size:undefined disposed:false
384 http fetch GET 200 https://registry.npmjs.org/mime-types 89ms (cache miss)
385 silly packumentCache full:https://registry.npmjs.org/mime-types set size:undefined disposed:false
386 silly fetch manifest browserslist@>= 4.21.0
387 silly packumentCache full:https://registry.npmjs.org/browserslist cache-miss
388 http cache https://registry.npmjs.org/browserslist 8ms (cache hit)
389 silly packumentCache full:https://registry.npmjs.org/browserslist set size:498935 disposed:false
390 silly placeDep ROOT baseline-browser-mapping@2.8.23 OK for: browserslist@4.27.0 want: ^2.8.19
391 silly placeDep ROOT caniuse-lite@1.0.30001752 OK for: browserslist@4.27.0 want: ^1.0.30001751
392 silly placeDep ROOT electron-to-chromium@1.5.244 OK for: browserslist@4.27.0 want: ^1.5.238
393 silly placeDep ROOT node-releases@2.0.27 OK for: browserslist@4.27.0 want: ^2.0.26
394 silly placeDep ROOT update-browserslist-db@1.1.4 OK for: browserslist@4.27.0 want: ^1.1.4
395 silly fetch manifest escalade@^3.2.0
396 silly packumentCache full:https://registry.npmjs.org/escalade cache-miss
397 http fetch GET 200 https://registry.npmjs.org/escalade 56ms (cache miss)
398 silly packumentCache full:https://registry.npmjs.org/escalade set size:undefined disposed:false
399 silly placeDep ROOT ms@2.1.3 OK for: debug@4.4.3 want: ^2.1.3
400 silly placeDep ROOT asynckit@0.4.0 OK for: form-data@4.0.4 want: ^0.4.0
401 silly placeDep ROOT combined-stream@1.0.8 OK for: form-data@4.0.4 want: ^1.0.8
402 silly placeDep ROOT es-set-tostringtag@2.1.0 OK for: form-data@4.0.4 want: ^2.1.0
403 silly placeDep ROOT hasown@2.0.2 OK for: form-data@4.0.4 want: ^2.0.2
404 silly placeDep ROOT mime-types@2.1.35 OK for: form-data@4.0.4 want: ^2.1.12
405 silly fetch manifest delayed-stream@~1.0.0
406 silly packumentCache full:https://registry.npmjs.org/delayed-stream cache-miss
407 silly fetch manifest es-errors@^1.3.0
408 silly packumentCache full:https://registry.npmjs.org/es-errors cache-miss
409 silly fetch manifest get-intrinsic@^1.2.6
410 silly packumentCache full:https://registry.npmjs.org/get-intrinsic cache-miss
411 silly fetch manifest has-tostringtag@^1.0.2
412 silly packumentCache full:https://registry.npmjs.org/has-tostringtag cache-miss
413 silly fetch manifest function-bind@^1.1.2
414 silly packumentCache full:https://registry.npmjs.org/function-bind cache-miss
415 silly fetch manifest mime-db@1.52.0
416 silly packumentCache full:https://registry.npmjs.org/mime-db cache-miss
417 http fetch GET 200 https://registry.npmjs.org/delayed-stream 73ms (cache miss)
418 silly packumentCache full:https://registry.npmjs.org/delayed-stream set size:undefined disposed:false
419 http fetch GET 200 https://registry.npmjs.org/has-tostringtag 73ms (cache miss)
420 silly packumentCache full:https://registry.npmjs.org/has-tostringtag set size:undefined disposed:false
421 http fetch GET 200 https://registry.npmjs.org/es-errors 77ms (cache miss)
422 silly packumentCache full:https://registry.npmjs.org/es-errors set size:undefined disposed:false
423 http fetch GET 200 https://registry.npmjs.org/get-intrinsic 79ms (cache miss)
424 silly packumentCache full:https://registry.npmjs.org/get-intrinsic set size:undefined disposed:false
425 http fetch GET 200 https://registry.npmjs.org/function-bind 80ms (cache miss)
426 silly packumentCache full:https://registry.npmjs.org/function-bind set size:undefined disposed:false
427 http fetch GET 200 https://registry.npmjs.org/mime-db 82ms (cache miss)
428 silly packumentCache full:https://registry.npmjs.org/mime-db set size:undefined disposed:false
429 silly placeDep ROOT delayed-stream@1.0.0 OK for: combined-stream@1.0.8 want: ~1.0.0
430 silly placeDep ROOT es-errors@1.3.0 OK for: es-set-tostringtag@2.1.0 want: ^1.3.0
431 silly placeDep ROOT get-intrinsic@1.3.0 OK for: es-set-tostringtag@2.1.0 want: ^1.2.6
432 silly placeDep ROOT has-tostringtag@1.0.2 OK for: es-set-tostringtag@2.1.0 want: ^1.0.2
433 silly fetch manifest gopd@^1.2.0
434 silly packumentCache full:https://registry.npmjs.org/gopd cache-miss
435 silly fetch manifest get-proto@^1.0.1
436 silly packumentCache full:https://registry.npmjs.org/get-proto cache-miss
437 silly fetch manifest has-symbols@^1.1.0
438 silly packumentCache full:https://registry.npmjs.org/has-symbols cache-miss
439 silly fetch manifest es-object-atoms@^1.1.1
440 silly packumentCache full:https://registry.npmjs.org/es-object-atoms cache-miss
441 silly fetch manifest math-intrinsics@^1.1.0
442 silly packumentCache full:https://registry.npmjs.org/math-intrinsics cache-miss
443 silly fetch manifest es-define-property@^1.0.1
444 silly packumentCache full:https://registry.npmjs.org/es-define-property cache-miss
445 silly fetch manifest call-bind-apply-helpers@^1.0.2
446 silly packumentCache full:https://registry.npmjs.org/call-bind-apply-helpers cache-miss
447 http fetch GET 200 https://registry.npmjs.org/gopd 75ms (cache miss)
448 silly packumentCache full:https://registry.npmjs.org/gopd set size:undefined disposed:false
449 silly fetch manifest has-symbols@^1.0.3
450 silly packumentCache full:https://registry.npmjs.org/has-symbols cache-miss
451 http fetch GET 200 https://registry.npmjs.org/es-object-atoms 77ms (cache miss)
452 silly packumentCache full:https://registry.npmjs.org/es-object-atoms set size:undefined disposed:false
453 http fetch GET 200 https://registry.npmjs.org/has-symbols 80ms (cache miss)
454 silly packumentCache full:https://registry.npmjs.org/has-symbols set size:undefined disposed:false
455 http fetch GET 200 https://registry.npmjs.org/es-define-property 80ms (cache miss)
456 silly packumentCache full:https://registry.npmjs.org/es-define-property set size:undefined disposed:false
457 http fetch GET 200 https://registry.npmjs.org/get-proto 84ms (cache miss)
458 silly packumentCache full:https://registry.npmjs.org/get-proto set size:undefined disposed:false
459 http fetch GET 200 https://registry.npmjs.org/call-bind-apply-helpers 83ms (cache miss)
460 silly packumentCache full:https://registry.npmjs.org/call-bind-apply-helpers set size:undefined disposed:false
461 http fetch GET 200 https://registry.npmjs.org/math-intrinsics 85ms (cache miss)
462 silly packumentCache full:https://registry.npmjs.org/math-intrinsics set size:undefined disposed:false
463 http fetch GET 200 https://registry.npmjs.org/has-symbols 58ms (cache miss)
464 silly packumentCache full:https://registry.npmjs.org/has-symbols set size:undefined disposed:false
465 silly placeDep ROOT call-bind-apply-helpers@1.0.2 OK for: get-intrinsic@1.3.0 want: ^1.0.2
466 silly placeDep ROOT es-define-property@1.0.1 OK for: get-intrinsic@1.3.0 want: ^1.0.1
467 silly placeDep ROOT es-object-atoms@1.1.1 OK for: get-intrinsic@1.3.0 want: ^1.1.1
468 silly placeDep ROOT function-bind@1.1.2 OK for: get-intrinsic@1.3.0 want: ^1.1.2
469 silly placeDep ROOT get-proto@1.0.1 OK for: get-intrinsic@1.3.0 want: ^1.0.1
470 silly placeDep ROOT gopd@1.2.0 OK for: get-intrinsic@1.3.0 want: ^1.2.0
471 silly placeDep ROOT has-symbols@1.1.0 OK for: get-intrinsic@1.3.0 want: ^1.1.0
472 silly placeDep ROOT math-intrinsics@1.1.0 OK for: get-intrinsic@1.3.0 want: ^1.1.0
473 silly fetch manifest dunder-proto@^1.0.1
474 silly packumentCache full:https://registry.npmjs.org/dunder-proto cache-miss
475 http fetch GET 200 https://registry.npmjs.org/dunder-proto 58ms (cache miss)
476 silly packumentCache full:https://registry.npmjs.org/dunder-proto set size:undefined disposed:false
477 silly placeDep ROOT dunder-proto@1.0.1 OK for: get-proto@1.0.1 want: ^1.0.1
478 silly placeDep ROOT yallist@3.1.1 OK for: lru-cache@5.1.1 want: ^3.0.2
479 silly placeDep ROOT mime-db@1.52.0 OK for: mime-types@2.1.35 want: 1.52.0
480 silly placeDep ROOT loose-envify@1.4.0 OK for: react@18.3.1 want: ^1.1.0
481 silly placeDep ROOT scheduler@0.23.2 OK for: react-dom@18.3.1 want: ^0.23.2
482 silly placeDep ROOT escalade@3.2.0 OK for: update-browserslist-db@1.1.4 want: ^3.2.0
483 silly placeDep ROOT esbuild@0.18.20 OK for: vite@4.5.14 want: ^0.18.10
484 silly placeDep ROOT fsevents@2.3.3 OK for: vite@4.5.14 want: ~2.3.2
485 silly placeDep ROOT postcss@8.5.6 OK for: vite@4.5.14 want: ^8.4.27
486 silly placeDep ROOT rollup@3.29.5 OK for: vite@4.5.14 want: ^3.27.1
487 silly fetch manifest @esbuild/linux-arm@0.18.20
488 silly packumentCache full:https://registry.npmjs.org/@esbuild%2flinux-arm cache-miss
489 silly fetch manifest @esbuild/linux-x64@0.18.20
490 silly packumentCache full:https://registry.npmjs.org/@esbuild%2flinux-x64 cache-miss
491 silly fetch manifest @esbuild/sunos-x64@0.18.20
492 silly packumentCache full:https://registry.npmjs.org/@esbuild%2fsunos-x64 cache-miss
493 silly fetch manifest @esbuild/win32-x64@0.18.20
494 silly packumentCache full:https://registry.npmjs.org/@esbuild%2fwin32-x64 cache-miss
495 silly fetch manifest @esbuild/darwin-x64@0.18.20
496 silly packumentCache full:https://registry.npmjs.org/@esbuild%2fdarwin-x64 cache-miss
497 silly fetch manifest @esbuild/linux-ia32@0.18.20
498 silly packumentCache full:https://registry.npmjs.org/@esbuild%2flinux-ia32 cache-miss
499 silly fetch manifest @esbuild/netbsd-x64@0.18.20
500 silly packumentCache full:https://registry.npmjs.org/@esbuild%2fnetbsd-x64 cache-miss
501 http fetch GET 200 https://registry.npmjs.org/@esbuild%2flinux-arm 79ms (cache miss)
502 silly packumentCache full:https://registry.npmjs.org/@esbuild%2flinux-arm set size:undefined disposed:false
503 silly fetch manifest @esbuild/win32-ia32@0.18.20
504 silly packumentCache full:https://registry.npmjs.org/@esbuild%2fwin32-ia32 cache-miss
505 http fetch GET 200 https://registry.npmjs.org/@esbuild%2fsunos-x64 91ms (cache miss)
506 silly packumentCache full:https://registry.npmjs.org/@esbuild%2fsunos-x64 set size:undefined disposed:false
507 silly fetch manifest @esbuild/android-arm@0.18.20
508 silly packumentCache full:https://registry.npmjs.org/@esbuild%2fandroid-arm cache-miss
509 http fetch GET 200 https://registry.npmjs.org/@esbuild%2fdarwin-x64 106ms (cache miss)
510 silly packumentCache full:https://registry.npmjs.org/@esbuild%2fdarwin-x64 set size:undefined disposed:false
511 silly fetch manifest @esbuild/android-x64@0.18.20
512 silly packumentCache full:https://registry.npmjs.org/@esbuild%2fandroid-x64 cache-miss
513 http fetch GET 200 https://registry.npmjs.org/@esbuild%2fnetbsd-x64 111ms (cache miss)
514 silly packumentCache full:https://registry.npmjs.org/@esbuild%2fnetbsd-x64 set size:undefined disposed:false
515 silly fetch manifest @esbuild/freebsd-x64@0.18.20
516 silly packumentCache full:https://registry.npmjs.org/@esbuild%2ffreebsd-x64 cache-miss
517 http fetch GET 200 https://registry.npmjs.org/@esbuild%2flinux-x64 123ms (cache miss)
518 silly packumentCache full:https://registry.npmjs.org/@esbuild%2flinux-x64 set size:undefined disposed:false
519 silly fetch manifest @esbuild/linux-arm64@0.18.20
520 silly packumentCache full:https://registry.npmjs.org/@esbuild%2flinux-arm64 cache-miss
521 http fetch GET 200 https://registry.npmjs.org/@esbuild%2fwin32-ia32 75ms (cache miss)
522 silly packumentCache full:https://registry.npmjs.org/@esbuild%2fwin32-ia32 set size:undefined disposed:false
523 silly fetch manifest @esbuild/linux-ppc64@0.18.20
524 silly packumentCache full:https://registry.npmjs.org/@esbuild%2flinux-ppc64 cache-miss
525 http fetch GET 200 https://registry.npmjs.org/@esbuild%2fandroid-arm 79ms (cache miss)
526 silly packumentCache full:https://registry.npmjs.org/@esbuild%2fandroid-arm set size:undefined disposed:false
527 silly fetch manifest @esbuild/linux-s390x@0.18.20
528 silly packumentCache full:https://registry.npmjs.org/@esbuild%2flinux-s390x cache-miss
529 http fetch GET 200 https://registry.npmjs.org/@esbuild%2ffreebsd-x64 89ms (cache miss)
530 silly packumentCache full:https://registry.npmjs.org/@esbuild%2ffreebsd-x64 set size:undefined disposed:false
531 silly fetch manifest @esbuild/openbsd-x64@0.18.20
532 silly packumentCache full:https://registry.npmjs.org/@esbuild%2fopenbsd-x64 cache-miss
533 http fetch GET 200 https://registry.npmjs.org/@esbuild%2flinux-arm64 84ms (cache miss)
534 silly packumentCache full:https://registry.npmjs.org/@esbuild%2flinux-arm64 set size:undefined disposed:false
535 silly fetch manifest @esbuild/win32-arm64@0.18.20
536 silly packumentCache full:https://registry.npmjs.org/@esbuild%2fwin32-arm64 cache-miss
537 http fetch GET 200 https://registry.npmjs.org/@esbuild%2flinux-ppc64 81ms (cache miss)
538 silly packumentCache full:https://registry.npmjs.org/@esbuild%2flinux-ppc64 set size:undefined disposed:false
539 silly fetch manifest @esbuild/darwin-arm64@0.18.20
540 silly packumentCache full:https://registry.npmjs.org/@esbuild%2fdarwin-arm64 cache-miss
541 http fetch GET 200 https://registry.npmjs.org/@esbuild%2fwin32-x64 283ms (cache miss)
542 silly packumentCache full:https://registry.npmjs.org/@esbuild%2fwin32-x64 set size:undefined disposed:false
543 silly fetch manifest @esbuild/android-arm64@0.18.20
544 silly packumentCache full:https://registry.npmjs.org/@esbuild%2fandroid-arm64 cache-miss
545 http fetch GET 200 https://registry.npmjs.org/@esbuild%2fwin32-arm64 91ms (cache miss)
546 silly packumentCache full:https://registry.npmjs.org/@esbuild%2fwin32-arm64 set size:undefined disposed:false
547 silly fetch manifest @esbuild/freebsd-arm64@0.18.20
548 silly packumentCache full:https://registry.npmjs.org/@esbuild%2ffreebsd-arm64 cache-miss
549 http fetch GET 200 https://registry.npmjs.org/@esbuild%2fdarwin-arm64 79ms (cache miss)
550 silly packumentCache full:https://registry.npmjs.org/@esbuild%2fdarwin-arm64 set size:undefined disposed:false
551 silly fetch manifest @esbuild/linux-loong64@0.18.20
552 silly packumentCache full:https://registry.npmjs.org/@esbuild%2flinux-loong64 cache-miss
553 http fetch GET 200 https://registry.npmjs.org/@esbuild%2fandroid-x64 264ms (cache miss)
554 silly packumentCache full:https://registry.npmjs.org/@esbuild%2fandroid-x64 set size:undefined disposed:false
555 silly fetch manifest @esbuild/linux-riscv64@0.18.20
556 silly packumentCache full:https://registry.npmjs.org/@esbuild%2flinux-riscv64 cache-miss
557 http fetch GET 200 https://registry.npmjs.org/@esbuild%2flinux-loong64 80ms (cache miss)
558 silly packumentCache full:https://registry.npmjs.org/@esbuild%2flinux-loong64 set size:undefined disposed:false
559 silly fetch manifest @esbuild/linux-mips64el@0.18.20
560 silly packumentCache full:https://registry.npmjs.org/@esbuild%2flinux-mips64el cache-miss
561 http fetch GET 200 https://registry.npmjs.org/@esbuild%2flinux-s390x 267ms (cache miss)
562 silly packumentCache full:https://registry.npmjs.org/@esbuild%2flinux-s390x set size:undefined disposed:false
563 silly fetch manifest nanoid@^3.3.11
564 silly packumentCache full:https://registry.npmjs.org/nanoid cache-miss
565 http fetch GET 200 https://registry.npmjs.org/@esbuild%2fopenbsd-x64 281ms (cache miss)
566 silly packumentCache full:https://registry.npmjs.org/@esbuild%2fopenbsd-x64 set size:undefined disposed:false
567 silly fetch manifest source-map-js@^1.2.1
568 silly packumentCache full:https://registry.npmjs.org/source-map-js cache-miss
569 http fetch GET 200 https://registry.npmjs.org/@esbuild%2flinux-mips64el 91ms (cache miss)
570 silly packumentCache full:https://registry.npmjs.org/@esbuild%2flinux-mips64el set size:undefined disposed:false
571 http fetch GET 200 https://registry.npmjs.org/nanoid 75ms (cache miss)
572 silly packumentCache full:https://registry.npmjs.org/nanoid set size:undefined disposed:false
573 http fetch GET 200 https://registry.npmjs.org/@esbuild%2fandroid-arm64 269ms (cache miss)
574 silly packumentCache full:https://registry.npmjs.org/@esbuild%2fandroid-arm64 set size:undefined disposed:false
575 http fetch GET 200 https://registry.npmjs.org/source-map-js 78ms (cache miss)
576 silly packumentCache full:https://registry.npmjs.org/source-map-js set size:undefined disposed:false
577 http fetch GET 200 https://registry.npmjs.org/@esbuild%2ffreebsd-arm64 273ms (cache miss)
578 silly packumentCache full:https://registry.npmjs.org/@esbuild%2ffreebsd-arm64 set size:undefined disposed:false
579 http fetch GET 200 https://registry.npmjs.org/@esbuild%2flinux-riscv64 273ms (cache miss)
580 silly packumentCache full:https://registry.npmjs.org/@esbuild%2flinux-riscv64 set size:undefined disposed:false
581 http fetch GET 200 https://registry.npmjs.org/@esbuild%2flinux-ia32 1016ms (cache miss)
582 silly packumentCache full:https://registry.npmjs.org/@esbuild%2flinux-ia32 set size:undefined disposed:false
583 silly placeDep ROOT @esbuild/android-arm@0.18.20 OK for: esbuild@0.18.20 want: 0.18.20
584 silly placeDep ROOT @esbuild/android-arm64@0.18.20 OK for: esbuild@0.18.20 want: 0.18.20
585 silly placeDep ROOT @esbuild/android-x64@0.18.20 OK for: esbuild@0.18.20 want: 0.18.20
586 silly placeDep ROOT @esbuild/darwin-arm64@0.18.20 OK for: esbuild@0.18.20 want: 0.18.20
587 silly placeDep ROOT @esbuild/darwin-x64@0.18.20 OK for: esbuild@0.18.20 want: 0.18.20
588 silly placeDep ROOT @esbuild/freebsd-arm64@0.18.20 OK for: esbuild@0.18.20 want: 0.18.20
589 silly placeDep ROOT @esbuild/freebsd-x64@0.18.20 OK for: esbuild@0.18.20 want: 0.18.20
590 silly placeDep ROOT @esbuild/linux-arm@0.18.20 OK for: esbuild@0.18.20 want: 0.18.20
591 silly placeDep ROOT @esbuild/linux-arm64@0.18.20 OK for: esbuild@0.18.20 want: 0.18.20
592 silly placeDep ROOT @esbuild/linux-ia32@0.18.20 OK for: esbuild@0.18.20 want: 0.18.20
593 silly placeDep ROOT @esbuild/linux-loong64@0.18.20 OK for: esbuild@0.18.20 want: 0.18.20
594 silly placeDep ROOT @esbuild/linux-mips64el@0.18.20 OK for: esbuild@0.18.20 want: 0.18.20
595 silly placeDep ROOT @esbuild/linux-ppc64@0.18.20 OK for: esbuild@0.18.20 want: 0.18.20
596 silly placeDep ROOT @esbuild/linux-riscv64@0.18.20 OK for: esbuild@0.18.20 want: 0.18.20
597 silly placeDep ROOT @esbuild/linux-s390x@0.18.20 OK for: esbuild@0.18.20 want: 0.18.20
598 silly placeDep ROOT @esbuild/linux-x64@0.18.20 OK for: esbuild@0.18.20 want: 0.18.20
599 silly placeDep ROOT @esbuild/netbsd-x64@0.18.20 OK for: esbuild@0.18.20 want: 0.18.20
600 silly placeDep ROOT @esbuild/openbsd-x64@0.18.20 OK for: esbuild@0.18.20 want: 0.18.20
601 silly placeDep ROOT @esbuild/sunos-x64@0.18.20 OK for: esbuild@0.18.20 want: 0.18.20
602 silly placeDep ROOT @esbuild/win32-arm64@0.18.20 OK for: esbuild@0.18.20 want: 0.18.20
603 silly placeDep ROOT @esbuild/win32-ia32@0.18.20 OK for: esbuild@0.18.20 want: 0.18.20
604 silly placeDep ROOT @esbuild/win32-x64@0.18.20 OK for: esbuild@0.18.20 want: 0.18.20
605 silly placeDep ROOT nanoid@3.3.11 OK for: postcss@8.5.6 want: ^3.3.11
606 silly placeDep ROOT source-map-js@1.2.1 OK for: postcss@8.5.6 want: ^1.2.1
607 silly reify moves {}
608 silly audit bulk request {
608 silly audit   '@vitejs/plugin-react': [ '3.1.0' ],
608 silly audit   vite: [ '4.5.14' ],
608 silly audit   axios: [ '1.13.1' ],
608 silly audit   react: [ '18.3.1' ],
608 silly audit   'react-dom': [ '18.3.1' ],
608 silly audit   '@babel/core': [ '7.28.5' ],
608 silly audit   '@babel/plugin-transform-react-jsx-self': [ '7.27.1' ],
608 silly audit   '@babel/plugin-transform-react-jsx-source': [ '7.27.1' ],
608 silly audit   'magic-string': [ '0.27.0' ],
608 silly audit   'react-refresh': [ '0.14.2' ],
608 silly audit   '@babel/code-frame': [ '7.27.1' ],
608 silly audit   '@babel/generator': [ '7.28.5' ],
608 silly audit   '@babel/helper-compilation-targets': [ '7.27.2' ],
608 silly audit   '@babel/helper-module-transforms': [ '7.28.3' ],
608 silly audit   '@babel/helpers': [ '7.28.4' ],
608 silly audit   '@babel/parser': [ '7.28.5' ],
608 silly audit   '@babel/template': [ '7.27.2' ],
608 silly audit   '@babel/traverse': [ '7.28.5' ],
608 silly audit   '@babel/types': [ '7.28.5' ],
608 silly audit   '@jridgewell/remapping': [ '2.3.5' ],
608 silly audit   'convert-source-map': [ '2.0.0' ],
608 silly audit   debug: [ '4.4.3' ],
608 silly audit   gensync: [ '1.0.0-beta.2' ],
608 silly audit   json5: [ '2.2.3' ],
608 silly audit   semver: [ '6.3.1' ],
608 silly audit   '@babel/helper-validator-identifier': [ '7.28.5' ],
608 silly audit   'js-tokens': [ '4.0.0' ],
608 silly audit   picocolors: [ '1.1.1' ],
608 silly audit   '@jridgewell/gen-mapping': [ '0.3.13' ],
608 silly audit   '@jridgewell/trace-mapping': [ '0.3.31' ],
608 silly audit   jsesc: [ '3.1.0' ],
608 silly audit   '@babel/compat-data': [ '7.28.5' ],
608 silly audit   '@babel/helper-validator-option': [ '7.27.1' ],
608 silly audit   browserslist: [ '4.27.0' ],
608 silly audit   'lru-cache': [ '5.1.1' ],
608 silly audit   '@babel/helper-module-imports': [ '7.27.1' ],
608 silly audit   '@babel/helper-plugin-utils': [ '7.27.1' ],
608 silly audit   '@babel/helper-globals': [ '7.28.0' ],
608 silly audit   '@babel/helper-string-parser': [ '7.27.1' ],
608 silly audit   '@jridgewell/sourcemap-codec': [ '1.5.5' ],
608 silly audit   '@jridgewell/resolve-uri': [ '3.1.2' ],
608 silly audit   'follow-redirects': [ '1.15.11' ],
608 silly audit   'form-data': [ '4.0.4' ],
608 silly audit   'proxy-from-env': [ '1.1.0' ],
608 silly audit   'baseline-browser-mapping': [ '2.8.23' ],
608 silly audit   'caniuse-lite': [ '1.0.30001752' ],
608 silly audit   'electron-to-chromium': [ '1.5.244' ],
608 silly audit   'node-releases': [ '2.0.27' ],
608 silly audit   'update-browserslist-db': [ '1.1.4' ],
608 silly audit   ms: [ '2.1.3' ],
608 silly audit   asynckit: [ '0.4.0' ],
608 silly audit   'combined-stream': [ '1.0.8' ],
608 silly audit   'es-set-tostringtag': [ '2.1.0' ],
608 silly audit   hasown: [ '2.0.2' ],
608 silly audit   'mime-types': [ '2.1.35' ],
608 silly audit   'delayed-stream': [ '1.0.0' ],
608 silly audit   'es-errors': [ '1.3.0' ],
608 silly audit   'get-intrinsic': [ '1.3.0' ],
608 silly audit   'has-tostringtag': [ '1.0.2' ],
608 silly audit   'call-bind-apply-helpers': [ '1.0.2' ],
608 silly audit   'es-define-property': [ '1.0.1' ],
608 silly audit   'es-object-atoms': [ '1.1.1' ],
608 silly audit   'function-bind': [ '1.1.2' ],
608 silly audit   'get-proto': [ '1.0.1' ],
608 silly audit   gopd: [ '1.2.0' ],
608 silly audit   'has-symbols': [ '1.1.0' ],
608 silly audit   'math-intrinsics': [ '1.1.0' ],
608 silly audit   'dunder-proto': [ '1.0.1' ],
608 silly audit   yallist: [ '3.1.1' ],
608 silly audit   'mime-db': [ '1.52.0' ],
608 silly audit   'loose-envify': [ '1.4.0' ],
608 silly audit   scheduler: [ '0.23.2' ],
608 silly audit   escalade: [ '3.2.0' ],
608 silly audit   esbuild: [ '0.18.20' ],
608 silly audit   fsevents: [ '2.3.3' ],
608 silly audit   postcss: [ '8.5.6' ],
608 silly audit   rollup: [ '3.29.5' ],
608 silly audit   '@esbuild/android-arm': [ '0.18.20' ],
608 silly audit   '@esbuild/android-arm64': [ '0.18.20' ],
608 silly audit   '@esbuild/android-x64': [ '0.18.20' ],
608 silly audit   '@esbuild/darwin-arm64': [ '0.18.20' ],
608 silly audit   '@esbuild/darwin-x64': [ '0.18.20' ],
608 silly audit   '@esbuild/freebsd-arm64': [ '0.18.20' ],
608 silly audit   '@esbuild/freebsd-x64': [ '0.18.20' ],
608 silly audit   '@esbuild/linux-arm': [ '0.18.20' ],
608 silly audit   '@esbuild/linux-arm64': [ '0.18.20' ],
608 silly audit   '@esbuild/linux-ia32': [ '0.18.20' ],
608 silly audit   '@esbuild/linux-loong64': [ '0.18.20' ],
608 silly audit   '@esbuild/linux-mips64el': [ '0.18.20' ],
608 silly audit   '@esbuild/linux-ppc64': [ '0.18.20' ],
608 silly audit   '@esbuild/linux-riscv64': [ '0.18.20' ],
608 silly audit   '@esbuild/linux-s390x': [ '0.18.20' ],
608 silly audit   '@esbuild/linux-x64': [ '0.18.20' ],
608 silly audit   '@esbuild/netbsd-x64': [ '0.18.20' ],
608 silly audit   '@esbuild/openbsd-x64': [ '0.18.20' ],
608 silly audit   '@esbuild/sunos-x64': [ '0.18.20' ],
608 silly audit   '@esbuild/win32-arm64': [ '0.18.20' ],
608 silly audit   '@esbuild/win32-ia32': [ '0.18.20' ],
608 silly audit   '@esbuild/win32-x64': [ '0.18.20' ],
608 silly audit   nanoid: [ '3.3.11' ],
608 silly audit   'source-map-js': [ '1.2.1' ]
608 silly audit }
609 verbose reify failed optional dependency C:\Practice\todo\frontend\node_modules\@esbuild\win32-ia32
610 silly reify mark deleted [ 'C:\\Practice\\todo\\frontend\\node_modules\\@esbuild\\win32-ia32' ]
611 verbose reify failed optional dependency C:\Practice\todo\frontend\node_modules\@esbuild\win32-arm64
612 silly reify mark deleted [ 'C:\\Practice\\todo\\frontend\\node_modules\\@esbuild\\win32-arm64' ]
613 verbose reify failed optional dependency C:\Practice\todo\frontend\node_modules\@esbuild\sunos-x64
614 silly reify mark deleted [ 'C:\\Practice\\todo\\frontend\\node_modules\\@esbuild\\sunos-x64' ]
615 verbose reify failed optional dependency C:\Practice\todo\frontend\node_modules\@esbuild\openbsd-x64
616 silly reify mark deleted [ 'C:\\Practice\\todo\\frontend\\node_modules\\@esbuild\\openbsd-x64' ]
617 verbose reify failed optional dependency C:\Practice\todo\frontend\node_modules\@esbuild\netbsd-x64
618 silly reify mark deleted [ 'C:\\Practice\\todo\\frontend\\node_modules\\@esbuild\\netbsd-x64' ]
619 verbose reify failed optional dependency C:\Practice\todo\frontend\node_modules\@esbuild\linux-x64
620 silly reify mark deleted [ 'C:\\Practice\\todo\\frontend\\node_modules\\@esbuild\\linux-x64' ]
621 verbose reify failed optional dependency C:\Practice\todo\frontend\node_modules\@esbuild\linux-s390x
622 silly reify mark deleted [ 'C:\\Practice\\todo\\frontend\\node_modules\\@esbuild\\linux-s390x' ]
623 verbose reify failed optional dependency C:\Practice\todo\frontend\node_modules\@esbuild\linux-riscv64
624 silly reify mark deleted [
624 silly reify   'C:\\Practice\\todo\\frontend\\node_modules\\@esbuild\\linux-riscv64'
624 silly reify ]
625 verbose reify failed optional dependency C:\Practice\todo\frontend\node_modules\@esbuild\linux-ppc64
626 silly reify mark deleted [ 'C:\\Practice\\todo\\frontend\\node_modules\\@esbuild\\linux-ppc64' ]
627 verbose reify failed optional dependency C:\Practice\todo\frontend\node_modules\@esbuild\linux-mips64el
628 silly reify mark deleted [
628 silly reify   'C:\\Practice\\todo\\frontend\\node_modules\\@esbuild\\linux-mips64el'
628 silly reify ]
629 verbose reify failed optional dependency C:\Practice\todo\frontend\node_modules\@esbuild\linux-loong64
630 silly reify mark deleted [
630 silly reify   'C:\\Practice\\todo\\frontend\\node_modules\\@esbuild\\linux-loong64'
630 silly reify ]
631 verbose reify failed optional dependency C:\Practice\todo\frontend\node_modules\@esbuild\linux-ia32
632 silly reify mark deleted [ 'C:\\Practice\\todo\\frontend\\node_modules\\@esbuild\\linux-ia32' ]
633 verbose reify failed optional dependency C:\Practice\todo\frontend\node_modules\@esbuild\linux-arm64
634 silly reify mark deleted [ 'C:\\Practice\\todo\\frontend\\node_modules\\@esbuild\\linux-arm64' ]
635 verbose reify failed optional dependency C:\Practice\todo\frontend\node_modules\@esbuild\linux-arm
636 silly reify mark deleted [ 'C:\\Practice\\todo\\frontend\\node_modules\\@esbuild\\linux-arm' ]
637 verbose reify failed optional dependency C:\Practice\todo\frontend\node_modules\@esbuild\freebsd-x64
638 silly reify mark deleted [ 'C:\\Practice\\todo\\frontend\\node_modules\\@esbuild\\freebsd-x64' ]
639 verbose reify failed optional dependency C:\Practice\todo\frontend\node_modules\@esbuild\freebsd-arm64
640 silly reify mark deleted [
640 silly reify   'C:\\Practice\\todo\\frontend\\node_modules\\@esbuild\\freebsd-arm64'
640 silly reify ]
641 verbose reify failed optional dependency C:\Practice\todo\frontend\node_modules\@esbuild\darwin-x64
642 silly reify mark deleted [ 'C:\\Practice\\todo\\frontend\\node_modules\\@esbuild\\darwin-x64' ]
643 verbose reify failed optional dependency C:\Practice\todo\frontend\node_modules\@esbuild\darwin-arm64
644 silly reify mark deleted [
644 silly reify   'C:\\Practice\\todo\\frontend\\node_modules\\@esbuild\\darwin-arm64'
644 silly reify ]
645 verbose reify failed optional dependency C:\Practice\todo\frontend\node_modules\@esbuild\android-x64
646 silly reify mark deleted [ 'C:\\Practice\\todo\\frontend\\node_modules\\@esbuild\\android-x64' ]
647 verbose reify failed optional dependency C:\Practice\todo\frontend\node_modules\@esbuild\android-arm64
648 silly reify mark deleted [
648 silly reify   'C:\\Practice\\todo\\frontend\\node_modules\\@esbuild\\android-arm64'
648 silly reify ]
649 verbose reify failed optional dependency C:\Practice\todo\frontend\node_modules\@esbuild\android-arm
650 silly reify mark deleted [ 'C:\\Practice\\todo\\frontend\\node_modules\\@esbuild\\android-arm' ]
651 verbose reify failed optional dependency C:\Practice\todo\frontend\node_modules\fsevents
652 silly reify mark deleted [ 'C:\\Practice\\todo\\frontend\\node_modules\\fsevents' ]
653 http cache source-map-js@https://registry.npmjs.org/source-map-js/-/source-map-js-1.2.1.tgz 0ms (cache hit)
654 http cache nanoid@https://registry.npmjs.org/nanoid/-/nanoid-3.3.11.tgz 0ms (cache hit)
655 http cache @esbuild/win32-x64@https://registry.npmjs.org/@esbuild/win32-x64/-/win32-x64-0.18.20.tgz 0ms (cache hit)
656 http cache rollup@https://registry.npmjs.org/rollup/-/rollup-3.29.5.tgz 1ms (cache hit)
657 http cache postcss@https://registry.npmjs.org/postcss/-/postcss-8.5.6.tgz 0ms (cache hit)
658 http cache esbuild@https://registry.npmjs.org/esbuild/-/esbuild-0.18.20.tgz 0ms (cache hit)
659 http cache escalade@https://registry.npmjs.org/escalade/-/escalade-3.2.0.tgz 0ms (cache hit)
660 http cache scheduler@https://registry.npmjs.org/scheduler/-/scheduler-0.23.2.tgz 0ms (cache hit)
661 http cache mime-db@https://registry.npmjs.org/mime-db/-/mime-db-1.52.0.tgz 0ms (cache hit)
662 http cache loose-envify@https://registry.npmjs.org/loose-envify/-/loose-envify-1.4.0.tgz 0ms (cache hit)
663 http cache yallist@https://registry.npmjs.org/yallist/-/yallist-3.1.1.tgz 0ms (cache hit)
664 http cache dunder-proto@https://registry.npmjs.org/dunder-proto/-/dunder-proto-1.0.1.tgz 0ms (cache hit)
665 http cache math-intrinsics@https://registry.npmjs.org/math-intrinsics/-/math-intrinsics-1.1.0.tgz 0ms (cache hit)
666 http cache gopd@https://registry.npmjs.org/gopd/-/gopd-1.2.0.tgz 0ms (cache hit)
667 http cache has-symbols@https://registry.npmjs.org/has-symbols/-/has-symbols-1.1.0.tgz 0ms (cache hit)
668 http cache get-proto@https://registry.npmjs.org/get-proto/-/get-proto-1.0.1.tgz 0ms (cache hit)
669 http cache es-object-atoms@https://registry.npmjs.org/es-object-atoms/-/es-object-atoms-1.1.1.tgz 0ms (cache hit)
670 http cache es-define-property@https://registry.npmjs.org/es-define-property/-/es-define-property-1.0.1.tgz 0ms (cache hit)
671 http cache function-bind@https://registry.npmjs.org/function-bind/-/function-bind-1.1.2.tgz 0ms (cache hit)
672 http cache call-bind-apply-helpers@https://registry.npmjs.org/call-bind-apply-helpers/-/call-bind-apply-helpers-1.0.2.tgz 0ms (cache hit)
673 http cache has-tostringtag@https://registry.npmjs.org/has-tostringtag/-/has-tostringtag-1.0.2.tgz 0ms (cache hit)
674 http cache get-intrinsic@https://registry.npmjs.org/get-intrinsic/-/get-intrinsic-1.3.0.tgz 1ms (cache hit)
675 http cache mime-types@https://registry.npmjs.org/mime-types/-/mime-types-2.1.35.tgz 0ms (cache hit)
676 http cache es-errors@https://registry.npmjs.org/es-errors/-/es-errors-1.3.0.tgz 0ms (cache hit)
677 http cache delayed-stream@https://registry.npmjs.org/delayed-stream/-/delayed-stream-1.0.0.tgz 0ms (cache hit)
678 http cache hasown@https://registry.npmjs.org/hasown/-/hasown-2.0.2.tgz 0ms (cache hit)
679 http cache es-set-tostringtag@https://registry.npmjs.org/es-set-tostringtag/-/es-set-tostringtag-2.1.0.tgz 0ms (cache hit)
680 http cache combined-stream@https://registry.npmjs.org/combined-stream/-/combined-stream-1.0.8.tgz 0ms (cache hit)
681 http cache asynckit@https://registry.npmjs.org/asynckit/-/asynckit-0.4.0.tgz 0ms (cache hit)
682 http cache update-browserslist-db@https://registry.npmjs.org/update-browserslist-db/-/update-browserslist-db-1.1.4.tgz 0ms (cache hit)
683 http cache ms@https://registry.npmjs.org/ms/-/ms-2.1.3.tgz 0ms (cache hit)
684 http cache node-releases@https://registry.npmjs.org/node-releases/-/node-releases-2.0.27.tgz 0ms (cache hit)
685 http cache electron-to-chromium@https://registry.npmjs.org/electron-to-chromium/-/electron-to-chromium-1.5.244.tgz 0ms (cache hit)
686 http cache form-data@https://registry.npmjs.org/form-data/-/form-data-4.0.4.tgz 0ms (cache hit)
687 http cache proxy-from-env@https://registry.npmjs.org/proxy-from-env/-/proxy-from-env-1.1.0.tgz 0ms (cache hit)
688 http cache caniuse-lite@https://registry.npmjs.org/caniuse-lite/-/caniuse-lite-1.0.30001752.tgz 0ms (cache hit)
689 http cache follow-redirects@https://registry.npmjs.org/follow-redirects/-/follow-redirects-1.15.11.tgz 1ms (cache hit)
690 http cache @babel/helper-string-parser@https://registry.npmjs.org/@babel/helper-string-parser/-/helper-string-parser-7.27.1.tgz 0ms (cache hit)
691 http cache @jridgewell/resolve-uri@https://registry.npmjs.org/@jridgewell/resolve-uri/-/resolve-uri-3.1.2.tgz 0ms (cache hit)
692 http cache @jridgewell/sourcemap-codec@https://registry.npmjs.org/@jridgewell/sourcemap-codec/-/sourcemap-codec-1.5.5.tgz 0ms (cache hit)
693 http cache lru-cache@https://registry.npmjs.org/lru-cache/-/lru-cache-5.1.1.tgz 0ms (cache hit)
694 http cache @babel/helper-globals@https://registry.npmjs.org/@babel/helper-globals/-/helper-globals-7.28.0.tgz 0ms (cache hit)
695 http cache browserslist@https://registry.npmjs.org/browserslist/-/browserslist-4.27.0.tgz 0ms (cache hit)
696 http cache @babel/helper-module-imports@https://registry.npmjs.org/@babel/helper-module-imports/-/helper-module-imports-7.27.1.tgz 0ms (cache hit)
697 http cache jsesc@https://registry.npmjs.org/jsesc/-/jsesc-3.1.0.tgz 0ms (cache hit)
698 http cache @jridgewell/trace-mapping@https://registry.npmjs.org/@jridgewell/trace-mapping/-/trace-mapping-0.3.31.tgz 0ms (cache hit)
699 http cache picocolors@https://registry.npmjs.org/picocolors/-/picocolors-1.1.1.tgz 0ms (cache hit)
700 http cache @babel/helper-validator-option@https://registry.npmjs.org/@babel/helper-validator-option/-/helper-validator-option-7.27.1.tgz 0ms (cache hit)
701 http cache @babel/compat-data@https://registry.npmjs.org/@babel/compat-data/-/compat-data-7.28.5.tgz 1ms (cache hit)
702 http cache @babel/helper-plugin-utils@https://registry.npmjs.org/@babel/helper-plugin-utils/-/helper-plugin-utils-7.27.1.tgz 0ms (cache hit)
703 http cache @jridgewell/gen-mapping@https://registry.npmjs.org/@jridgewell/gen-mapping/-/gen-mapping-0.3.13.tgz 0ms (cache hit)
704 http cache @babel/helper-validator-identifier@https://registry.npmjs.org/@babel/helper-validator-identifier/-/helper-validator-identifier-7.28.5.tgz 0ms (cache hit)
705 http cache js-tokens@https://registry.npmjs.org/js-tokens/-/js-tokens-4.0.0.tgz 0ms (cache hit)
706 http cache semver@https://registry.npmjs.org/semver/-/semver-6.3.1.tgz 0ms (cache hit)
707 http cache json5@https://registry.npmjs.org/json5/-/json5-2.2.3.tgz 1ms (cache hit)
708 http cache gensync@https://registry.npmjs.org/gensync/-/gensync-1.0.0-beta.2.tgz 0ms (cache hit)
709 http cache debug@https://registry.npmjs.org/debug/-/debug-4.4.3.tgz 0ms (cache hit)
710 http cache @jridgewell/remapping@https://registry.npmjs.org/@jridgewell/remapping/-/remapping-2.3.5.tgz 0ms (cache hit)
711 http cache convert-source-map@https://registry.npmjs.org/convert-source-map/-/convert-source-map-2.0.0.tgz 0ms (cache hit)
712 http cache @babel/types@https://registry.npmjs.org/@babel/types/-/types-7.28.5.tgz 0ms (cache hit)
713 http cache @babel/template@https://registry.npmjs.org/@babel/template/-/template-7.27.2.tgz 0ms (cache hit)
714 http cache @babel/traverse@https://registry.npmjs.org/@babel/traverse/-/traverse-7.28.5.tgz 0ms (cache hit)
715 http cache @babel/parser@https://registry.npmjs.org/@babel/parser/-/parser-7.28.5.tgz 0ms (cache hit)
716 http cache @babel/helper-module-transforms@https://registry.npmjs.org/@babel/helper-module-transforms/-/helper-module-transforms-7.28.3.tgz 0ms (cache hit)
717 http cache @babel/helpers@https://registry.npmjs.org/@babel/helpers/-/helpers-7.28.4.tgz 0ms (cache hit)
718 http cache @babel/helper-compilation-targets@https://registry.npmjs.org/@babel/helper-compilation-targets/-/helper-compilation-targets-7.27.2.tgz 1ms (cache hit)
719 http cache @babel/generator@https://registry.npmjs.org/@babel/generator/-/generator-7.28.5.tgz 0ms (cache hit)
720 http cache react-refresh@https://registry.npmjs.org/react-refresh/-/react-refresh-0.14.2.tgz 0ms (cache hit)
721 http cache magic-string@https://registry.npmjs.org/magic-string/-/magic-string-0.27.0.tgz 0ms (cache hit)
722 http cache @babel/code-frame@https://registry.npmjs.org/@babel/code-frame/-/code-frame-7.27.1.tgz 0ms (cache hit)
723 http cache react-dom@https://registry.npmjs.org/react-dom/-/react-dom-18.3.1.tgz 0ms (cache hit)
724 http cache @babel/plugin-transform-react-jsx-source@https://registry.npmjs.org/@babel/plugin-transform-react-jsx-source/-/plugin-transform-react-jsx-source-7.27.1.tgz 0ms (cache hit)
725 http cache @babel/plugin-transform-react-jsx-self@https://registry.npmjs.org/@babel/plugin-transform-react-jsx-self/-/plugin-transform-react-jsx-self-7.27.1.tgz 0ms (cache hit)
726 http cache baseline-browser-mapping@https://registry.npmjs.org/baseline-browser-mapping/-/baseline-browser-mapping-2.8.23.tgz 0ms (cache hit)
727 http cache @babel/core@https://registry.npmjs.org/@babel/core/-/core-7.28.5.tgz 0ms (cache hit)
728 http cache @vitejs/plugin-react@https://registry.npmjs.org/@vitejs/plugin-react/-/plugin-react-3.1.0.tgz 0ms (cache hit)
729 silly tarball no local data for source-map-js@https://registry.npmjs.org/source-map-js/-/source-map-js-1.2.1.tgz. Extracting by manifest.
730 silly tarball no local data for nanoid@https://registry.npmjs.org/nanoid/-/nanoid-3.3.11.tgz. Extracting by manifest.
731 silly tarball no local data for @esbuild/win32-x64@https://registry.npmjs.org/@esbuild/win32-x64/-/win32-x64-0.18.20.tgz. Extracting by manifest.
732 silly tarball no local data for rollup@https://registry.npmjs.org/rollup/-/rollup-3.29.5.tgz. Extracting by manifest.
733 silly tarball no local data for postcss@https://registry.npmjs.org/postcss/-/postcss-8.5.6.tgz. Extracting by manifest.
734 silly tarball no local data for esbuild@https://registry.npmjs.org/esbuild/-/esbuild-0.18.20.tgz. Extracting by manifest.
735 silly tarball no local data for escalade@https://registry.npmjs.org/escalade/-/escalade-3.2.0.tgz. Extracting by manifest.
736 silly tarball no local data for scheduler@https://registry.npmjs.org/scheduler/-/scheduler-0.23.2.tgz. Extracting by manifest.
737 silly tarball no local data for mime-db@https://registry.npmjs.org/mime-db/-/mime-db-1.52.0.tgz. Extracting by manifest.
738 silly tarball no local data for loose-envify@https://registry.npmjs.org/loose-envify/-/loose-envify-1.4.0.tgz. Extracting by manifest.
739 silly tarball no local data for yallist@https://registry.npmjs.org/yallist/-/yallist-3.1.1.tgz. Extracting by manifest.
740 silly tarball no local data for dunder-proto@https://registry.npmjs.org/dunder-proto/-/dunder-proto-1.0.1.tgz. Extracting by manifest.
741 silly tarball no local data for math-intrinsics@https://registry.npmjs.org/math-intrinsics/-/math-intrinsics-1.1.0.tgz. Extracting by manifest.
742 silly tarball no local data for gopd@https://registry.npmjs.org/gopd/-/gopd-1.2.0.tgz. Extracting by manifest.
743 silly tarball no local data for has-symbols@https://registry.npmjs.org/has-symbols/-/has-symbols-1.1.0.tgz. Extracting by manifest.
744 silly tarball no local data for get-proto@https://registry.npmjs.org/get-proto/-/get-proto-1.0.1.tgz. Extracting by manifest.
745 silly tarball no local data for es-object-atoms@https://registry.npmjs.org/es-object-atoms/-/es-object-atoms-1.1.1.tgz. Extracting by manifest.
746 silly tarball no local data for es-define-property@https://registry.npmjs.org/es-define-property/-/es-define-property-1.0.1.tgz. Extracting by manifest.
747 http cache react@https://registry.npmjs.org/react/-/react-18.3.1.tgz 0ms (cache hit)
748 silly tarball no local data for function-bind@https://registry.npmjs.org/function-bind/-/function-bind-1.1.2.tgz. Extracting by manifest.
749 silly tarball no local data for call-bind-apply-helpers@https://registry.npmjs.org/call-bind-apply-helpers/-/call-bind-apply-helpers-1.0.2.tgz. Extracting by manifest.
750 silly tarball no local data for has-tostringtag@https://registry.npmjs.org/has-tostringtag/-/has-tostringtag-1.0.2.tgz. Extracting by manifest.
751 silly tarball no local data for get-intrinsic@https://registry.npmjs.org/get-intrinsic/-/get-intrinsic-1.3.0.tgz. Extracting by manifest.
752 http cache axios@https://registry.npmjs.org/axios/-/axios-1.13.1.tgz 1ms (cache hit)
753 silly tarball no local data for mime-types@https://registry.npmjs.org/mime-types/-/mime-types-2.1.35.tgz. Extracting by manifest.
754 silly tarball no local data for es-errors@https://registry.npmjs.org/es-errors/-/es-errors-1.3.0.tgz. Extracting by manifest.
755 silly tarball no local data for delayed-stream@https://registry.npmjs.org/delayed-stream/-/delayed-stream-1.0.0.tgz. Extracting by manifest.
756 silly tarball no local data for hasown@https://registry.npmjs.org/hasown/-/hasown-2.0.2.tgz. Extracting by manifest.
757 silly tarball no local data for es-set-tostringtag@https://registry.npmjs.org/es-set-tostringtag/-/es-set-tostringtag-2.1.0.tgz. Extracting by manifest.
758 silly tarball no local data for combined-stream@https://registry.npmjs.org/combined-stream/-/combined-stream-1.0.8.tgz. Extracting by manifest.
759 http cache vite@https://registry.npmjs.org/vite/-/vite-4.5.14.tgz 0ms (cache hit)
760 silly tarball no local data for asynckit@https://registry.npmjs.org/asynckit/-/asynckit-0.4.0.tgz. Extracting by manifest.
761 silly tarball no local data for update-browserslist-db@https://registry.npmjs.org/update-browserslist-db/-/update-browserslist-db-1.1.4.tgz. Extracting by manifest.
762 silly tarball no local data for ms@https://registry.npmjs.org/ms/-/ms-2.1.3.tgz. Extracting by manifest.
763 silly tarball no local data for node-releases@https://registry.npmjs.org/node-releases/-/node-releases-2.0.27.tgz. Extracting by manifest.
764 silly tarball no local data for electron-to-chromium@https://registry.npmjs.org/electron-to-chromium/-/electron-to-chromium-1.5.244.tgz. Extracting by manifest.
765 silly tarball no local data for form-data@https://registry.npmjs.org/form-data/-/form-data-4.0.4.tgz. Extracting by manifest.
766 silly tarball no local data for proxy-from-env@https://registry.npmjs.org/proxy-from-env/-/proxy-from-env-1.1.0.tgz. Extracting by manifest.
767 silly tarball no local data for caniuse-lite@https://registry.npmjs.org/caniuse-lite/-/caniuse-lite-1.0.30001752.tgz. Extracting by manifest.
768 silly tarball no local data for follow-redirects@https://registry.npmjs.org/follow-redirects/-/follow-redirects-1.15.11.tgz. Extracting by manifest.
769 silly tarball no local data for @babel/helper-string-parser@https://registry.npmjs.org/@babel/helper-string-parser/-/helper-string-parser-7.27.1.tgz. Extracting by manifest.
770 silly tarball no local data for @jridgewell/resolve-uri@https://registry.npmjs.org/@jridgewell/resolve-uri/-/resolve-uri-3.1.2.tgz. Extracting by manifest.
771 silly tarball no local data for @jridgewell/sourcemap-codec@https://registry.npmjs.org/@jridgewell/sourcemap-codec/-/sourcemap-codec-1.5.5.tgz. Extracting by manifest.
772 silly tarball no local data for lru-cache@https://registry.npmjs.org/lru-cache/-/lru-cache-5.1.1.tgz. Extracting by manifest.
773 silly tarball no local data for @babel/helper-globals@https://registry.npmjs.org/@babel/helper-globals/-/helper-globals-7.28.0.tgz. Extracting by manifest.
774 silly tarball no local data for browserslist@https://registry.npmjs.org/browserslist/-/browserslist-4.27.0.tgz. Extracting by manifest.
775 silly tarball no local data for @babel/helper-module-imports@https://registry.npmjs.org/@babel/helper-module-imports/-/helper-module-imports-7.27.1.tgz. Extracting by manifest.
776 silly tarball no local data for jsesc@https://registry.npmjs.org/jsesc/-/jsesc-3.1.0.tgz. Extracting by manifest.
777 silly tarball no local data for @jridgewell/trace-mapping@https://registry.npmjs.org/@jridgewell/trace-mapping/-/trace-mapping-0.3.31.tgz. Extracting by manifest.
778 silly tarball no local data for picocolors@https://registry.npmjs.org/picocolors/-/picocolors-1.1.1.tgz. Extracting by manifest.
779 silly tarball no local data for @babel/helper-validator-option@https://registry.npmjs.org/@babel/helper-validator-option/-/helper-validator-option-7.27.1.tgz. Extracting by manifest.
780 silly tarball no local data for @babel/compat-data@https://registry.npmjs.org/@babel/compat-data/-/compat-data-7.28.5.tgz. Extracting by manifest.
781 silly tarball no local data for @babel/helper-plugin-utils@https://registry.npmjs.org/@babel/helper-plugin-utils/-/helper-plugin-utils-7.27.1.tgz. Extracting by manifest.
782 silly tarball no local data for @jridgewell/gen-mapping@https://registry.npmjs.org/@jridgewell/gen-mapping/-/gen-mapping-0.3.13.tgz. Extracting by manifest.
783 silly tarball no local data for @babel/helper-validator-identifier@https://registry.npmjs.org/@babel/helper-validator-identifier/-/helper-validator-identifier-7.28.5.tgz. Extracting by manifest.
784 silly tarball no local data for js-tokens@https://registry.npmjs.org/js-tokens/-/js-tokens-4.0.0.tgz. Extracting by manifest.
785 silly tarball no local data for semver@https://registry.npmjs.org/semver/-/semver-6.3.1.tgz. Extracting by manifest.
786 silly tarball no local data for json5@https://registry.npmjs.org/json5/-/json5-2.2.3.tgz. Extracting by manifest.
787 silly tarball no local data for gensync@https://registry.npmjs.org/gensync/-/gensync-1.0.0-beta.2.tgz. Extracting by manifest.
788 silly tarball no local data for debug@https://registry.npmjs.org/debug/-/debug-4.4.3.tgz. Extracting by manifest.
789 silly tarball no local data for @jridgewell/remapping@https://registry.npmjs.org/@jridgewell/remapping/-/remapping-2.3.5.tgz. Extracting by manifest.
790 silly tarball no local data for convert-source-map@https://registry.npmjs.org/convert-source-map/-/convert-source-map-2.0.0.tgz. Extracting by manifest.
791 silly tarball no local data for @babel/types@https://registry.npmjs.org/@babel/types/-/types-7.28.5.tgz. Extracting by manifest.
792 silly tarball no local data for @babel/template@https://registry.npmjs.org/@babel/template/-/template-7.27.2.tgz. Extracting by manifest.
793 silly tarball no local data for @babel/traverse@https://registry.npmjs.org/@babel/traverse/-/traverse-7.28.5.tgz. Extracting by manifest.
794 silly tarball no local data for @babel/parser@https://registry.npmjs.org/@babel/parser/-/parser-7.28.5.tgz. Extracting by manifest.
795 silly tarball no local data for @babel/helper-module-transforms@https://registry.npmjs.org/@babel/helper-module-transforms/-/helper-module-transforms-7.28.3.tgz. Extracting by manifest.
796 silly tarball no local data for @babel/helpers@https://registry.npmjs.org/@babel/helpers/-/helpers-7.28.4.tgz. Extracting by manifest.
797 silly tarball no local data for @babel/helper-compilation-targets@https://registry.npmjs.org/@babel/helper-compilation-targets/-/helper-compilation-targets-7.27.2.tgz. Extracting by manifest.
798 silly tarball no local data for @babel/generator@https://registry.npmjs.org/@babel/generator/-/generator-7.28.5.tgz. Extracting by manifest.
799 silly tarball no local data for react-refresh@https://registry.npmjs.org/react-refresh/-/react-refresh-0.14.2.tgz. Extracting by manifest.
800 silly tarball no local data for magic-string@https://registry.npmjs.org/magic-string/-/magic-string-0.27.0.tgz. Extracting by manifest.
801 silly tarball no local data for @babel/code-frame@https://registry.npmjs.org/@babel/code-frame/-/code-frame-7.27.1.tgz. Extracting by manifest.
802 silly tarball no local data for react-dom@https://registry.npmjs.org/react-dom/-/react-dom-18.3.1.tgz. Extracting by manifest.
803 silly tarball no local data for @babel/plugin-transform-react-jsx-source@https://registry.npmjs.org/@babel/plugin-transform-react-jsx-source/-/plugin-transform-react-jsx-source-7.27.1.tgz. Extracting by manifest.
804 silly tarball no local data for @babel/plugin-transform-react-jsx-self@https://registry.npmjs.org/@babel/plugin-transform-react-jsx-self/-/plugin-transform-react-jsx-self-7.27.1.tgz. Extracting by manifest.
805 silly tarball no local data for baseline-browser-mapping@https://registry.npmjs.org/baseline-browser-mapping/-/baseline-browser-mapping-2.8.23.tgz. Extracting by manifest.
806 silly tarball no local data for @babel/core@https://registry.npmjs.org/@babel/core/-/core-7.28.5.tgz. Extracting by manifest.
807 silly tarball no local data for @vitejs/plugin-react@https://registry.npmjs.org/@vitejs/plugin-react/-/plugin-react-3.1.0.tgz. Extracting by manifest.
808 silly tarball no local data for react@https://registry.npmjs.org/react/-/react-18.3.1.tgz. Extracting by manifest.
809 silly tarball no local data for axios@https://registry.npmjs.org/axios/-/axios-1.13.1.tgz. Extracting by manifest.
810 silly tarball no local data for vite@https://registry.npmjs.org/vite/-/vite-4.5.14.tgz. Extracting by manifest.
811 http fetch POST 200 https://registry.npmjs.org/-/npm/v1/security/advisories/bulk 434ms
812 silly audit report {
812 silly audit report   vite: [
812 silly audit report     {
812 silly audit report       id: 1107323,
812 silly audit report       url: 'https://github.com/advisories/GHSA-g4jq-h2w9-997c',
812 silly audit report       title: 'Vite middleware may serve files starting with the same name with the public directory',
812 silly audit report       severity: 'low',
812 silly audit report       vulnerable_versions: '<=5.4.19',
812 silly audit report       cwe: [Array],
812 silly audit report       cvss: [Object]
812 silly audit report     },
812 silly audit report     {
812 silly audit report       id: 1107327,
812 silly audit report       url: 'https://github.com/advisories/GHSA-jqfw-vq24-v9c3',
812 silly audit report       title: "Vite's `server.fs` settings were not applied to HTML files",
812 silly audit report       severity: 'low',
812 silly audit report       vulnerable_versions: '<=5.4.19',
812 silly audit report       cwe: [Array],
812 silly audit report       cvss: [Object]
812 silly audit report     },
812 silly audit report     {
812 silly audit report       id: 1109132,
812 silly audit report       url: 'https://github.com/advisories/GHSA-93m4-6634-74q7',
812 silly audit report       title: 'vite allows server.fs.deny bypass via backslash on Windows',
812 silly audit report       severity: 'moderate',
812 silly audit report       vulnerable_versions: '>=4.5.3 <5.0.0',
812 silly audit report       cwe: [Array],
812 silly audit report       cvss: [Object]
812 silly audit report     }
812 silly audit report   ],
812 silly audit report   esbuild: [
812 silly audit report     {
812 silly audit report       id: 1102341,
812 silly audit report       url: 'https://github.com/advisories/GHSA-67mh-4wv8-2f99',
812 silly audit report       title: 'esbuild enables any website to send any requests to the development server and read the response',
812 silly audit report       severity: 'moderate',
812 silly audit report       vulnerable_versions: '<=0.24.2',
812 silly audit report       cwe: [Array],
812 silly audit report       cvss: [Object]
812 silly audit report     }
812 silly audit report   ]
812 silly audit report }
813 silly packumentCache corgi:https://registry.npmjs.org/vite cache-miss
814 silly packumentCache corgi:https://registry.npmjs.org/esbuild cache-miss
815 http fetch GET 200 https://registry.npmjs.org/nanoid/-/nanoid-3.3.11.tgz 796ms (cache miss)
816 http fetch GET 200 https://registry.npmjs.org/es-object-atoms/-/es-object-atoms-1.1.1.tgz 960ms (cache miss)
817 http fetch GET 200 https://registry.npmjs.org/call-bind-apply-helpers/-/call-bind-apply-helpers-1.0.2.tgz 1012ms (cache miss)
818 http fetch GET 200 https://registry.npmjs.org/es-errors/-/es-errors-1.3.0.tgz 1007ms (cache miss)
819 http fetch GET 200 https://registry.npmjs.org/has-tostringtag/-/has-tostringtag-1.0.2.tgz 1040ms (cache miss)
820 http fetch GET 200 https://registry.npmjs.org/get-intrinsic/-/get-intrinsic-1.3.0.tgz 1042ms (cache miss)
821 http fetch GET 200 https://registry.npmjs.org/get-proto/-/get-proto-1.0.1.tgz 1114ms (cache miss)
822 http fetch GET 200 https://registry.npmjs.org/delayed-stream/-/delayed-stream-1.0.0.tgz 1093ms (cache miss)
823 http fetch GET 200 https://registry.npmjs.org/hasown/-/hasown-2.0.2.tgz 1154ms (cache miss)
824 http fetch GET 200 https://registry.npmjs.org/mime-types/-/mime-types-2.1.35.tgz 1188ms (cache miss)
825 http fetch GET 200 https://registry.npmjs.org/asynckit/-/asynckit-0.4.0.tgz 1258ms (cache miss)
826 http fetch GET 200 https://registry.npmjs.org/es-set-tostringtag/-/es-set-tostringtag-2.1.0.tgz 1283ms (cache miss)
827 http fetch GET 200 https://registry.npmjs.org/node-releases/-/node-releases-2.0.27.tgz 1273ms (cache miss)
828 http fetch GET 200 https://registry.npmjs.org/ms/-/ms-2.1.3.tgz 1327ms (cache miss)
829 http fetch GET 200 https://registry.npmjs.org/update-browserslist-db/-/update-browserslist-db-1.1.4.tgz 1335ms (cache miss)
830 http fetch GET 200 https://registry.npmjs.org/@babel/helper-globals/-/helper-globals-7.28.0.tgz 1313ms (cache miss)
831 http fetch GET 200 https://registry.npmjs.org/lru-cache/-/lru-cache-5.1.1.tgz 1319ms (cache miss)
832 http fetch GET 200 https://registry.npmjs.org/yallist/-/yallist-3.1.1.tgz 1393ms (cache miss)
833 http fetch GET 200 https://registry.npmjs.org/combined-stream/-/combined-stream-1.0.8.tgz 1359ms (cache miss)
834 http fetch GET 200 https://registry.npmjs.org/js-tokens/-/js-tokens-4.0.0.tgz 1485ms (cache miss)
835 http fetch GET 200 https://registry.npmjs.org/convert-source-map/-/convert-source-map-2.0.0.tgz 1478ms (cache miss)
836 http fetch GET 200 https://registry.npmjs.org/@babel/plugin-transform-react-jsx-self/-/plugin-transform-react-jsx-self-7.27.1.tgz 1464ms (cache miss)
837 http fetch GET 200 https://registry.npmjs.org/@babel/helper-plugin-utils/-/helper-plugin-utils-7.27.1.tgz 1726ms (cache miss)
838 http fetch GET 200 https://registry.npmjs.org/@babel/plugin-transform-react-jsx-source/-/plugin-transform-react-jsx-source-7.27.1.tgz 1703ms (cache miss)
839 http fetch GET 200 https://registry.npmjs.org/picocolors/-/picocolors-1.1.1.tgz 1767ms (cache miss)
840 http fetch GET 200 https://registry.npmjs.org/jsesc/-/jsesc-3.1.0.tgz 1772ms (cache miss)
841 http fetch GET 200 https://registry.npmjs.org/esbuild/-/esbuild-0.18.20.tgz 1863ms (cache miss)
842 http fetch GET 200 https://registry.npmjs.org/loose-envify/-/loose-envify-1.4.0.tgz 1871ms (cache miss)
843 http fetch GET 200 https://registry.npmjs.org/es-define-property/-/es-define-property-1.0.1.tgz 1970ms (cache miss)
844 http fetch GET 200 https://registry.npmjs.org/proxy-from-env/-/proxy-from-env-1.1.0.tgz 1967ms (cache miss)
845 http fetch GET 200 https://registry.npmjs.org/@babel/helper-string-parser/-/helper-string-parser-7.27.1.tgz 1974ms (cache miss)
846 http fetch GET 200 https://registry.npmjs.org/@vitejs/plugin-react/-/plugin-react-3.1.0.tgz 1941ms (cache miss)
847 http fetch GET 200 https://registry.npmjs.org/gensync/-/gensync-1.0.0-beta.2.tgz 1985ms (cache miss)
848 http fetch GET 200 https://registry.npmjs.org/@babel/code-frame/-/code-frame-7.27.1.tgz 1977ms (cache miss)
849 http fetch GET 200 https://registry.npmjs.org/follow-redirects/-/follow-redirects-1.15.11.tgz 2026ms (cache miss)
850 http fetch GET 200 https://registry.npmjs.org/mime-db/-/mime-db-1.52.0.tgz 2105ms (cache miss)
851 http fetch GET 200 https://registry.npmjs.org/function-bind/-/function-bind-1.1.2.tgz 2084ms (cache miss)
852 http fetch GET 200 https://registry.npmjs.org/@jridgewell/resolve-uri/-/resolve-uri-3.1.2.tgz 2064ms (cache miss)
853 http fetch GET 200 https://registry.npmjs.org/gopd/-/gopd-1.2.0.tgz 2122ms (cache miss)
854 http fetch GET 200 https://registry.npmjs.org/escalade/-/escalade-3.2.0.tgz 2170ms (cache miss)
855 http fetch GET 200 https://registry.npmjs.org/@babel/helper-validator-identifier/-/helper-validator-identifier-7.28.5.tgz 2085ms (cache miss)
856 http fetch GET 200 https://registry.npmjs.org/semver/-/semver-6.3.1.tgz 2105ms (cache miss)
857 http fetch GET 200 https://registry.npmjs.org/browserslist/-/browserslist-4.27.0.tgz 2129ms (cache miss)
858 http fetch GET 200 https://registry.npmjs.org/baseline-browser-mapping/-/baseline-browser-mapping-2.8.23.tgz 2098ms (cache miss)
859 http fetch GET 200 https://registry.npmjs.org/@babel/helper-validator-option/-/helper-validator-option-7.27.1.tgz 2151ms (cache miss)
860 http fetch GET 200 https://registry.npmjs.org/form-data/-/form-data-4.0.4.tgz 2181ms (cache miss)
861 http fetch GET 200 https://registry.npmjs.org/react-refresh/-/react-refresh-0.14.2.tgz 2136ms (cache miss)
862 http fetch GET 200 https://registry.npmjs.org/debug/-/debug-4.4.3.tgz 2152ms (cache miss)
863 http fetch GET 200 https://registry.npmjs.org/dunder-proto/-/dunder-proto-1.0.1.tgz 2261ms (cache miss)
864 http fetch GET 200 https://registry.npmjs.org/@babel/helper-module-imports/-/helper-module-imports-7.27.1.tgz 2205ms (cache miss)
865 http fetch GET 200 https://registry.npmjs.org/has-symbols/-/has-symbols-1.1.0.tgz 2274ms (cache miss)
866 http fetch GET 200 https://registry.npmjs.org/@babel/compat-data/-/compat-data-7.28.5.tgz 2299ms (cache miss)
867 http fetch GET 200 https://registry.npmjs.org/electron-to-chromium/-/electron-to-chromium-1.5.244.tgz 2351ms (cache miss)
868 http fetch GET 200 https://registry.npmjs.org/source-map-js/-/source-map-js-1.2.1.tgz 2497ms (cache miss)
869 http fetch GET 200 https://registry.npmjs.org/scheduler/-/scheduler-0.23.2.tgz 2493ms (cache miss)
870 http fetch GET 200 https://registry.npmjs.org/esbuild 2214ms (cache miss)
871 silly packumentCache corgi:https://registry.npmjs.org/esbuild set size:undefined disposed:false
872 http fetch GET 200 https://registry.npmjs.org/magic-string/-/magic-string-0.27.0.tgz 2550ms (cache miss)
873 http fetch GET 200 https://registry.npmjs.org/@babel/helper-compilation-targets/-/helper-compilation-targets-7.27.2.tgz 2560ms (cache miss)
874 http fetch GET 200 https://registry.npmjs.org/@babel/helper-module-transforms/-/helper-module-transforms-7.28.3.tgz 2597ms (cache miss)
875 http fetch GET 200 https://registry.npmjs.org/@babel/template/-/template-7.27.2.tgz 2617ms (cache miss)
876 http fetch GET 200 https://registry.npmjs.org/react/-/react-18.3.1.tgz 2668ms (cache miss)
877 http fetch GET 200 https://registry.npmjs.org/json5/-/json5-2.2.3.tgz 2781ms (cache miss)
878 http fetch GET 200 https://registry.npmjs.org/vite 2621ms (cache miss)
879 silly packumentCache corgi:https://registry.npmjs.org/vite set size:undefined disposed:false
880 http fetch GET 200 https://registry.npmjs.org/@jridgewell/sourcemap-codec/-/sourcemap-codec-1.5.5.tgz 2959ms (cache miss)
881 http fetch GET 200 https://registry.npmjs.org/math-intrinsics/-/math-intrinsics-1.1.0.tgz 3020ms (cache miss)
882 silly packumentCache corgi:https://registry.npmjs.org/@vitejs%2fplugin-react cache-miss
883 http fetch GET 200 https://registry.npmjs.org/@jridgewell/remapping/-/remapping-2.3.5.tgz 3086ms (cache miss)
884 http fetch GET 200 https://registry.npmjs.org/@jridgewell/gen-mapping/-/gen-mapping-0.3.13.tgz 3110ms (cache miss)
885 http fetch GET 200 https://registry.npmjs.org/@babel/parser/-/parser-7.28.5.tgz 3129ms (cache miss)
886 http fetch GET 200 https://registry.npmjs.org/@vitejs%2fplugin-react 173ms (cache miss)
887 silly packumentCache corgi:https://registry.npmjs.org/@vitejs%2fplugin-react set size:undefined disposed:false
888 http fetch GET 200 https://registry.npmjs.org/rollup/-/rollup-3.29.5.tgz 3692ms (cache miss)
889 http fetch GET 200 https://registry.npmjs.org/@jridgewell/trace-mapping/-/trace-mapping-0.3.31.tgz 3635ms (cache miss)
890 http fetch GET 200 https://registry.npmjs.org/postcss/-/postcss-8.5.6.tgz 3727ms (cache miss)
891 http fetch GET 200 https://registry.npmjs.org/@babel/generator/-/generator-7.28.5.tgz 3759ms (cache miss)
892 http fetch GET 200 https://registry.npmjs.org/vite/-/vite-4.5.14.tgz 3774ms (cache miss)
893 http fetch GET 200 https://registry.npmjs.org/react-dom/-/react-dom-18.3.1.tgz 3888ms (cache miss)
894 http fetch GET 200 https://registry.npmjs.org/@babel/traverse/-/traverse-7.28.5.tgz 4035ms (cache miss)
895 http fetch GET 200 https://registry.npmjs.org/@esbuild/win32-x64/-/win32-x64-0.18.20.tgz 4203ms (cache miss)
896 http fetch GET 200 https://registry.npmjs.org/axios/-/axios-1.13.1.tgz 4237ms (cache miss)
897 http fetch GET 200 https://registry.npmjs.org/@babel/core/-/core-7.28.5.tgz 4545ms (cache miss)
898 http fetch GET 200 https://registry.npmjs.org/@babel/types/-/types-7.28.5.tgz 4917ms (cache miss)
899 http fetch GET 200 https://registry.npmjs.org/@babel/helpers/-/helpers-7.28.4.tgz 5106ms (cache miss)
900 http fetch GET 200 https://registry.npmjs.org/caniuse-lite/-/caniuse-lite-1.0.30001752.tgz 7214ms (cache miss)
901 info run esbuild@0.18.20 postinstall node_modules/esbuild node install.js
902 info run esbuild@0.18.20 postinstall { code: 0, signal: null }
903 silly ADD node_modules/source-map-js
904 silly ADD node_modules/nanoid
905 silly ADD node_modules/@esbuild/win32-x64
906 silly ADD node_modules/@esbuild/win32-ia32
907 silly ADD node_modules/@esbuild/win32-arm64
908 silly ADD node_modules/@esbuild/sunos-x64
909 silly ADD node_modules/@esbuild/openbsd-x64
910 silly ADD node_modules/@esbuild/netbsd-x64
911 silly ADD node_modules/@esbuild/linux-x64
912 silly ADD node_modules/@esbuild/linux-s390x
913 silly ADD node_modules/@esbuild/linux-riscv64
914 silly ADD node_modules/@esbuild/linux-ppc64
915 silly ADD node_modules/@esbuild/linux-mips64el
916 silly ADD node_modules/@esbuild/linux-loong64
917 silly ADD node_modules/@esbuild/linux-ia32
918 silly ADD node_modules/@esbuild/linux-arm64
919 silly ADD node_modules/@esbuild/linux-arm
920 silly ADD node_modules/@esbuild/freebsd-x64
921 silly ADD node_modules/@esbuild/freebsd-arm64
922 silly ADD node_modules/@esbuild/darwin-x64
923 silly ADD node_modules/@esbuild/darwin-arm64
924 silly ADD node_modules/@esbuild/android-x64
925 silly ADD node_modules/@esbuild/android-arm64
926 silly ADD node_modules/@esbuild/android-arm
927 silly ADD node_modules/rollup
928 silly ADD node_modules/postcss
929 silly ADD node_modules/fsevents
930 silly ADD node_modules/esbuild
931 silly ADD node_modules/escalade
932 silly ADD node_modules/scheduler
933 silly ADD node_modules/loose-envify
934 silly ADD node_modules/mime-db
935 silly ADD node_modules/yallist
936 silly ADD node_modules/dunder-proto
937 silly ADD node_modules/math-intrinsics
938 silly ADD node_modules/has-symbols
939 silly ADD node_modules/gopd
940 silly ADD node_modules/get-proto
941 silly ADD node_modules/function-bind
942 silly ADD node_modules/es-object-atoms
943 silly ADD node_modules/es-define-property
944 silly ADD node_modules/call-bind-apply-helpers
945 silly ADD node_modules/has-tostringtag
946 silly ADD node_modules/get-intrinsic
947 silly ADD node_modules/es-errors
948 silly ADD node_modules/delayed-stream
949 silly ADD node_modules/mime-types
950 silly ADD node_modules/hasown
951 silly ADD node_modules/es-set-tostringtag
952 silly ADD node_modules/combined-stream
953 silly ADD node_modules/asynckit
954 silly ADD node_modules/ms
955 silly ADD node_modules/update-browserslist-db
956 silly ADD node_modules/node-releases
957 silly ADD node_modules/electron-to-chromium
958 silly ADD node_modules/caniuse-lite
959 silly ADD node_modules/baseline-browser-mapping
960 silly ADD node_modules/proxy-from-env
961 silly ADD node_modules/form-data
962 silly ADD node_modules/follow-redirects
963 silly ADD node_modules/@jridgewell/resolve-uri
964 silly ADD node_modules/@jridgewell/sourcemap-codec
965 silly ADD node_modules/@babel/helper-string-parser
966 silly ADD node_modules/@babel/helper-globals
967 silly ADD node_modules/@babel/helper-plugin-utils
968 silly ADD node_modules/@babel/helper-module-imports
969 silly ADD node_modules/lru-cache
970 silly ADD node_modules/browserslist
971 silly ADD node_modules/@babel/helper-validator-option
972 silly ADD node_modules/@babel/compat-data
973 silly ADD node_modules/jsesc
974 silly ADD node_modules/@jridgewell/trace-mapping
975 silly ADD node_modules/@jridgewell/gen-mapping
976 silly ADD node_modules/picocolors
977 silly ADD node_modules/js-tokens
978 silly ADD node_modules/@babel/helper-validator-identifier
979 silly ADD node_modules/semver
980 silly ADD node_modules/json5
981 silly ADD node_modules/gensync
982 silly ADD node_modules/debug
983 silly ADD node_modules/convert-source-map
984 silly ADD node_modules/@jridgewell/remapping
985 silly ADD node_modules/@babel/types
986 silly ADD node_modules/@babel/traverse
987 silly ADD node_modules/@babel/template
988 silly ADD node_modules/@babel/parser
989 silly ADD node_modules/@babel/helpers
990 silly ADD node_modules/@babel/helper-module-transforms
991 silly ADD node_modules/@babel/helper-compilation-targets
992 silly ADD node_modules/@babel/generator
993 silly ADD node_modules/@babel/code-frame
994 silly ADD node_modules/react-refresh
995 silly ADD node_modules/magic-string
996 silly ADD node_modules/@babel/plugin-transform-react-jsx-source
997 silly ADD node_modules/@babel/plugin-transform-react-jsx-self
998 silly ADD node_modules/@babel/core
999 silly ADD node_modules/react-dom
1000 silly ADD node_modules/react
1001 silly ADD node_modules/axios
1002 silly ADD node_modules/vite
1003 silly ADD node_modules/@vitejs/plugin-react
1004 verbose cwd C:\Practice\todo\frontend
1005 verbose os Windows_NT 10.0.26200
1006 verbose node v22.19.0
1007 verbose npm  v11.6.1
1008 notice
1008 notice New [36mpatch[39m version of npm available! [36m11.6.1[39m -> [34m11.6.2[39m
1008 notice Changelog: [34mhttps://github.com/npm/cli/releases/tag/v11.6.2[39m
1008 notice To update run: [4mnpm install -g npm@11.6.2[24m
1008 notice  { force: true, [Symbol(proc-log.meta)]: true }
1009 verbose exit 0
1010 info ok
