0 verbose cli C:\Program Files\nodejs\node.exe C:\Users\pmdin\AppData\Roaming\npm\node_modules\npm\bin\npm-cli.js
1 info using npm@11.6.1
2 info using node@v22.19.0
3 silly config load:file:C:\Users\pmdin\AppData\Roaming\npm\node_modules\npm\npmrc
4 silly config load:file:C:\Practice\todo\frontend\.npmrc
5 silly config load:file:C:\Users\pmdin\.npmrc
6 silly config load:file:C:\Users\pmdin\AppData\Roaming\npm\etc\npmrc
7 verbose title npm install # if not already installed
8 verbose argv "install" "#" "if" "not" "already" "installed"
9 verbose logfile logs-max:10 dir:C:\Practice\todo\frontend\UserspmdinAppDataRoamingnpm\_logs\2025-11-02T06_28_46_782Z-
10 verbose logfile C:\Practice\todo\frontend\UserspmdinAppDataRoamingnpm\_logs\2025-11-02T06_28_46_782Z-debug-0.log
11 silly logfile done cleaning log files
12 silly packumentCache heap:2197815296 maxSize:549453824 maxEntrySize:274726912
13 verbose stack Error: Invalid tag name "#" of package "#": Tags may not have any characters that encodeURIComponent encodes.
13 verbose stack     at invalidTagName (C:\Users\pmdin\AppData\Roaming\npm\node_modules\npm\node_modules\npm-package-arg\lib\npa.js:143:15)
13 verbose stack     at fromRegistry (C:\Users\pmdin\AppData\Roaming\npm\node_modules\npm\node_modules\npm-package-arg\lib\npa.js:471:13)
13 verbose stack     at resolve (C:\Users\pmdin\AppData\Roaming\npm\node_modules\npm\node_modules\npm-package-arg\lib\npa.js:114:12)
13 verbose stack     at npa (C:\Users\pmdin\AppData\Roaming\npm\node_modules\npm\node_modules\npm-package-arg\lib\npa.js:56:10)
13 verbose stack     at C:\Users\pmdin\AppData\Roaming\npm\node_modules\npm\node_modules\@npmcli\arborist\lib\arborist\build-ideal-tree.js:518:18
13 verbose stack     at Array.map (<anonymous>)
13 verbose stack     at #add (C:\Users\pmdin\AppData\Roaming\npm\node_modules\npm\node_modules\@npmcli\arborist\lib\arborist\build-ideal-tree.js:515:27)
13 verbose stack     at #applyUserRequestsToNode (C:\Users\pmdin\AppData\Roaming\npm\node_modules\npm\node_modules\@npmcli\arborist\lib\arborist\build-ideal-tree.js:484:22)
13 verbose stack     at #applyUserRequests (C:\Users\pmdin\AppData\Roaming\npm\node_modules\npm\node_modules\@npmcli\arborist\lib\arborist\build-ideal-tree.js:420:42)
13 verbose stack     at Arborist.buildIdealTree (C:\Users\pmdin\AppData\Roaming\npm\node_modules\npm\node_modules\@npmcli\arborist\lib\arborist\build-ideal-tree.js:181:36)
14 error code EINVALIDTAGNAME
15 error Invalid tag name "#" of package "#": Tags may not have any characters that encodeURIComponent encodes.
16 silly unfinished npm timer reify 1762064928006
17 silly unfinished npm timer reify:loadTrees 1762064928007
18 silly unfinished npm timer idealTree:userRequests 1762064928128
19 verbose cwd C:\Practice\todo\frontend
20 verbose os Windows_NT 10.0.26200
21 verbose node v22.19.0
22 verbose npm  v11.6.1
23 verbose exit 1
24 verbose code 1
25 error A complete log of this run can be found in: C:\Practice\todo\frontend\UserspmdinAppDataRoamingnpm\_logs\2025-11-02T06_28_46_782Z-debug-0.log
