0 verbose cli C:\Program Files\nodejs\node.exe C:\Users\pmdin\AppData\Roaming\npm\node_modules\npm\bin\npm-cli.js
1 info using npm@11.6.1
2 info using node@v22.19.0
3 silly config load:file:C:\Users\pmdin\AppData\Roaming\npm\node_modules\npm\npmrc
4 silly config load:file:C:\Practice\todo\frontend\.npmrc
5 silly config load:file:C:\Users\pmdin\.npmrc
6 silly config load:file:C:\Users\pmdin\AppData\Roaming\npm\etc\npmrc
7 verbose title npm install
8 verbose argv "install"
9 verbose logfile logs-max:10 dir:C:\Practice\todo\frontend\UserspmdinAppDataRoamingnpm\_logs\2025-11-02T05_49_50_771Z-
10 verbose logfile C:\Practice\todo\frontend\UserspmdinAppDataRoamingnpm\_logs\2025-11-02T05_49_50_771Z-debug-0.log
11 silly logfile done cleaning log files
12 silly packumentCache heap:2197815296 maxSize:549453824 maxEntrySize:274726912
13 verbose shrinkwrap failed to load node_modules/.package-lock.json out of date, updated: node_modules
14 silly idealTree buildDeps
15 silly reify moves {}
16 silly audit bulk request {
16 silly audit   '@babel/code-frame': [ '7.27.1' ],
16 silly audit   '@babel/compat-data': [ '7.28.5' ],
16 silly audit   '@babel/core': [ '7.28.5' ],
16 silly audit   '@babel/generator': [ '7.28.5' ],
16 silly audit   '@babel/helper-compilation-targets': [ '7.27.2' ],
16 silly audit   '@babel/helper-globals': [ '7.28.0' ],
16 silly audit   '@babel/helper-module-imports': [ '7.27.1' ],
16 silly audit   '@babel/helper-module-transforms': [ '7.28.3' ],
16 silly audit   '@babel/helper-plugin-utils': [ '7.27.1' ],
16 silly audit   '@babel/helper-string-parser': [ '7.27.1' ],
16 silly audit   '@babel/helper-validator-identifier': [ '7.28.5' ],
16 silly audit   '@babel/helper-validator-option': [ '7.27.1' ],
16 silly audit   '@babel/helpers': [ '7.28.4' ],
16 silly audit   '@babel/parser': [ '7.28.5' ],
16 silly audit   '@babel/plugin-transform-react-jsx-self': [ '7.27.1' ],
16 silly audit   '@babel/plugin-transform-react-jsx-source': [ '7.27.1' ],
16 silly audit   '@babel/template': [ '7.27.2' ],
16 silly audit   '@babel/traverse': [ '7.28.5' ],
16 silly audit   '@babel/types': [ '7.28.5' ],
16 silly audit   '@esbuild/android-arm': [ '0.18.20' ],
16 silly audit   '@esbuild/android-arm64': [ '0.18.20' ],
16 silly audit   '@esbuild/android-x64': [ '0.18.20' ],
16 silly audit   '@esbuild/darwin-arm64': [ '0.18.20' ],
16 silly audit   '@esbuild/darwin-x64': [ '0.18.20' ],
16 silly audit   '@esbuild/freebsd-arm64': [ '0.18.20' ],
16 silly audit   '@esbuild/freebsd-x64': [ '0.18.20' ],
16 silly audit   '@esbuild/linux-arm': [ '0.18.20' ],
16 silly audit   '@esbuild/linux-arm64': [ '0.18.20' ],
16 silly audit   '@esbuild/linux-ia32': [ '0.18.20' ],
16 silly audit   '@esbuild/linux-loong64': [ '0.18.20' ],
16 silly audit   '@esbuild/linux-mips64el': [ '0.18.20' ],
16 silly audit   '@esbuild/linux-ppc64': [ '0.18.20' ],
16 silly audit   '@esbuild/linux-riscv64': [ '0.18.20' ],
16 silly audit   '@esbuild/linux-s390x': [ '0.18.20' ],
16 silly audit   '@esbuild/linux-x64': [ '0.18.20' ],
16 silly audit   '@esbuild/netbsd-x64': [ '0.18.20' ],
16 silly audit   '@esbuild/openbsd-x64': [ '0.18.20' ],
16 silly audit   '@esbuild/sunos-x64': [ '0.18.20' ],
16 silly audit   '@esbuild/win32-arm64': [ '0.18.20' ],
16 silly audit   '@esbuild/win32-ia32': [ '0.18.20' ],
16 silly audit   '@esbuild/win32-x64': [ '0.18.20' ],
16 silly audit   '@jridgewell/gen-mapping': [ '0.3.13' ],
16 silly audit   '@jridgewell/remapping': [ '2.3.5' ],
16 silly audit   '@jridgewell/resolve-uri': [ '3.1.2' ],
16 silly audit   '@jridgewell/sourcemap-codec': [ '1.5.5' ],
16 silly audit   '@jridgewell/trace-mapping': [ '0.3.31' ],
16 silly audit   '@vitejs/plugin-react': [ '3.1.0' ],
16 silly audit   asynckit: [ '0.4.0' ],
16 silly audit   axios: [ '1.13.1' ],
16 silly audit   'baseline-browser-mapping': [ '2.8.23' ],
16 silly audit   browserslist: [ '4.27.0' ],
16 silly audit   'call-bind-apply-helpers': [ '1.0.2' ],
16 silly audit   'caniuse-lite': [ '1.0.30001752' ],
16 silly audit   'combined-stream': [ '1.0.8' ],
16 silly audit   'convert-source-map': [ '2.0.0' ],
16 silly audit   debug: [ '4.4.3' ],
16 silly audit   'delayed-stream': [ '1.0.0' ],
16 silly audit   'dunder-proto': [ '1.0.1' ],
16 silly audit   'electron-to-chromium': [ '1.5.244' ],
16 silly audit   'es-define-property': [ '1.0.1' ],
16 silly audit   'es-errors': [ '1.3.0' ],
16 silly audit   'es-object-atoms': [ '1.1.1' ],
16 silly audit   'es-set-tostringtag': [ '2.1.0' ],
16 silly audit   esbuild: [ '0.18.20' ],
16 silly audit   escalade: [ '3.2.0' ],
16 silly audit   'follow-redirects': [ '1.15.11' ],
16 silly audit   'form-data': [ '4.0.4' ],
16 silly audit   fsevents: [ '2.3.3' ],
16 silly audit   'function-bind': [ '1.1.2' ],
16 silly audit   gensync: [ '1.0.0-beta.2' ],
16 silly audit   'get-intrinsic': [ '1.3.0' ],
16 silly audit   'get-proto': [ '1.0.1' ],
16 silly audit   gopd: [ '1.2.0' ],
16 silly audit   'has-symbols': [ '1.1.0' ],
16 silly audit   'has-tostringtag': [ '1.0.2' ],
16 silly audit   hasown: [ '2.0.2' ],
16 silly audit   'js-tokens': [ '4.0.0' ],
16 silly audit   jsesc: [ '3.1.0' ],
16 silly audit   json5: [ '2.2.3' ],
16 silly audit   'loose-envify': [ '1.4.0' ],
16 silly audit   'lru-cache': [ '5.1.1' ],
16 silly audit   'magic-string': [ '0.27.0' ],
16 silly audit   'math-intrinsics': [ '1.1.0' ],
16 silly audit   'mime-db': [ '1.52.0' ],
16 silly audit   'mime-types': [ '2.1.35' ],
16 silly audit   ms: [ '2.1.3' ],
16 silly audit   nanoid: [ '3.3.11' ],
16 silly audit   'node-releases': [ '2.0.27' ],
16 silly audit   picocolors: [ '1.1.1' ],
16 silly audit   postcss: [ '8.5.6' ],
16 silly audit   'proxy-from-env': [ '1.1.0' ],
16 silly audit   react: [ '18.3.1' ],
16 silly audit   'react-dom': [ '18.3.1' ],
16 silly audit   'react-refresh': [ '0.14.2' ],
16 silly audit   rollup: [ '3.29.5' ],
16 silly audit   scheduler: [ '0.23.2' ],
16 silly audit   semver: [ '6.3.1' ],
16 silly audit   'source-map-js': [ '1.2.1' ],
16 silly audit   'update-browserslist-db': [ '1.1.4' ],
16 silly audit   vite: [ '4.5.14' ],
16 silly audit   yallist: [ '3.1.1' ]
16 silly audit }
17 verbose reify failed optional dependency C:\Practice\todo\frontend\node_modules\fsevents
18 silly reify mark deleted [ 'C:\\Practice\\todo\\frontend\\node_modules\\fsevents' ]
19 verbose reify failed optional dependency C:\Practice\todo\frontend\node_modules\@esbuild\win32-ia32
20 silly reify mark deleted [ 'C:\\Practice\\todo\\frontend\\node_modules\\@esbuild\\win32-ia32' ]
21 verbose reify failed optional dependency C:\Practice\todo\frontend\node_modules\@esbuild\win32-arm64
22 silly reify mark deleted [ 'C:\\Practice\\todo\\frontend\\node_modules\\@esbuild\\win32-arm64' ]
23 verbose reify failed optional dependency C:\Practice\todo\frontend\node_modules\@esbuild\sunos-x64
24 silly reify mark deleted [ 'C:\\Practice\\todo\\frontend\\node_modules\\@esbuild\\sunos-x64' ]
25 verbose reify failed optional dependency C:\Practice\todo\frontend\node_modules\@esbuild\openbsd-x64
26 silly reify mark deleted [ 'C:\\Practice\\todo\\frontend\\node_modules\\@esbuild\\openbsd-x64' ]
27 verbose reify failed optional dependency C:\Practice\todo\frontend\node_modules\@esbuild\netbsd-x64
28 silly reify mark deleted [ 'C:\\Practice\\todo\\frontend\\node_modules\\@esbuild\\netbsd-x64' ]
29 verbose reify failed optional dependency C:\Practice\todo\frontend\node_modules\@esbuild\linux-x64
30 silly reify mark deleted [ 'C:\\Practice\\todo\\frontend\\node_modules\\@esbuild\\linux-x64' ]
31 verbose reify failed optional dependency C:\Practice\todo\frontend\node_modules\@esbuild\linux-s390x
32 silly reify mark deleted [ 'C:\\Practice\\todo\\frontend\\node_modules\\@esbuild\\linux-s390x' ]
33 verbose reify failed optional dependency C:\Practice\todo\frontend\node_modules\@esbuild\linux-riscv64
34 silly reify mark deleted [
34 silly reify   'C:\\Practice\\todo\\frontend\\node_modules\\@esbuild\\linux-riscv64'
34 silly reify ]
35 verbose reify failed optional dependency C:\Practice\todo\frontend\node_modules\@esbuild\linux-ppc64
36 silly reify mark deleted [ 'C:\\Practice\\todo\\frontend\\node_modules\\@esbuild\\linux-ppc64' ]
37 verbose reify failed optional dependency C:\Practice\todo\frontend\node_modules\@esbuild\linux-mips64el
38 silly reify mark deleted [
38 silly reify   'C:\\Practice\\todo\\frontend\\node_modules\\@esbuild\\linux-mips64el'
38 silly reify ]
39 verbose reify failed optional dependency C:\Practice\todo\frontend\node_modules\@esbuild\linux-loong64
40 silly reify mark deleted [
40 silly reify   'C:\\Practice\\todo\\frontend\\node_modules\\@esbuild\\linux-loong64'
40 silly reify ]
41 verbose reify failed optional dependency C:\Practice\todo\frontend\node_modules\@esbuild\linux-ia32
42 silly reify mark deleted [ 'C:\\Practice\\todo\\frontend\\node_modules\\@esbuild\\linux-ia32' ]
43 verbose reify failed optional dependency C:\Practice\todo\frontend\node_modules\@esbuild\linux-arm64
44 silly reify mark deleted [ 'C:\\Practice\\todo\\frontend\\node_modules\\@esbuild\\linux-arm64' ]
45 verbose reify failed optional dependency C:\Practice\todo\frontend\node_modules\@esbuild\linux-arm
46 silly reify mark deleted [ 'C:\\Practice\\todo\\frontend\\node_modules\\@esbuild\\linux-arm' ]
47 verbose reify failed optional dependency C:\Practice\todo\frontend\node_modules\@esbuild\freebsd-x64
48 silly reify mark deleted [ 'C:\\Practice\\todo\\frontend\\node_modules\\@esbuild\\freebsd-x64' ]
49 verbose reify failed optional dependency C:\Practice\todo\frontend\node_modules\@esbuild\freebsd-arm64
50 silly reify mark deleted [
50 silly reify   'C:\\Practice\\todo\\frontend\\node_modules\\@esbuild\\freebsd-arm64'
50 silly reify ]
51 verbose reify failed optional dependency C:\Practice\todo\frontend\node_modules\@esbuild\darwin-x64
52 silly reify mark deleted [ 'C:\\Practice\\todo\\frontend\\node_modules\\@esbuild\\darwin-x64' ]
53 verbose reify failed optional dependency C:\Practice\todo\frontend\node_modules\@esbuild\darwin-arm64
54 silly reify mark deleted [
54 silly reify   'C:\\Practice\\todo\\frontend\\node_modules\\@esbuild\\darwin-arm64'
54 silly reify ]
55 verbose reify failed optional dependency C:\Practice\todo\frontend\node_modules\@esbuild\android-x64
56 silly reify mark deleted [ 'C:\\Practice\\todo\\frontend\\node_modules\\@esbuild\\android-x64' ]
57 verbose reify failed optional dependency C:\Practice\todo\frontend\node_modules\@esbuild\android-arm64
58 silly reify mark deleted [
58 silly reify   'C:\\Practice\\todo\\frontend\\node_modules\\@esbuild\\android-arm64'
58 silly reify ]
59 verbose reify failed optional dependency C:\Practice\todo\frontend\node_modules\@esbuild\android-arm
60 silly reify mark deleted [ 'C:\\Practice\\todo\\frontend\\node_modules\\@esbuild\\android-arm' ]
61 http fetch POST 200 https://registry.npmjs.org/-/npm/v1/security/advisories/bulk 548ms
62 silly audit report {
62 silly audit report   esbuild: [
62 silly audit report     {
62 silly audit report       id: 1102341,
62 silly audit report       url: 'https://github.com/advisories/GHSA-67mh-4wv8-2f99',
62 silly audit report       title: 'esbuild enables any website to send any requests to the development server and read the response',
62 silly audit report       severity: 'moderate',
62 silly audit report       vulnerable_versions: '<=0.24.2',
62 silly audit report       cwe: [Array],
62 silly audit report       cvss: [Object]
62 silly audit report     }
62 silly audit report   ],
62 silly audit report   vite: [
62 silly audit report     {
62 silly audit report       id: 1107323,
62 silly audit report       url: 'https://github.com/advisories/GHSA-g4jq-h2w9-997c',
62 silly audit report       title: 'Vite middleware may serve files starting with the same name with the public directory',
62 silly audit report       severity: 'low',
62 silly audit report       vulnerable_versions: '<=5.4.19',
62 silly audit report       cwe: [Array],
62 silly audit report       cvss: [Object]
62 silly audit report     },
62 silly audit report     {
62 silly audit report       id: 1107327,
62 silly audit report       url: 'https://github.com/advisories/GHSA-jqfw-vq24-v9c3',
62 silly audit report       title: "Vite's `server.fs` settings were not applied to HTML files",
62 silly audit report       severity: 'low',
62 silly audit report       vulnerable_versions: '<=5.4.19',
62 silly audit report       cwe: [Array],
62 silly audit report       cvss: [Object]
62 silly audit report     },
62 silly audit report     {
62 silly audit report       id: 1109132,
62 silly audit report       url: 'https://github.com/advisories/GHSA-93m4-6634-74q7',
62 silly audit report       title: 'vite allows server.fs.deny bypass via backslash on Windows',
62 silly audit report       severity: 'moderate',
62 silly audit report       vulnerable_versions: '>=4.5.3 <5.0.0',
62 silly audit report       cwe: [Array],
62 silly audit report       cvss: [Object]
62 silly audit report     }
62 silly audit report   ]
62 silly audit report }
63 silly packumentCache corgi:https://registry.npmjs.org/esbuild cache-miss
64 silly packumentCache corgi:https://registry.npmjs.org/vite cache-miss
65 http fetch GET 200 https://registry.npmjs.org/vite 95ms (cache revalidated)
66 silly packumentCache corgi:https://registry.npmjs.org/vite set size:2112523 disposed:false
67 http fetch GET 200 https://registry.npmjs.org/esbuild 252ms (cache revalidated)
68 silly packumentCache corgi:https://registry.npmjs.org/esbuild set size:871322 disposed:false
69 silly packumentCache corgi:https://registry.npmjs.org/@vitejs%2fplugin-react cache-miss
70 http fetch GET 200 https://registry.npmjs.org/@vitejs%2fplugin-react 93ms (cache revalidated)
71 silly packumentCache corgi:https://registry.npmjs.org/@vitejs%2fplugin-react set size:102396 disposed:false
72 silly ADD node_modules/fsevents
73 silly ADD node_modules/@esbuild/win32-ia32
74 silly ADD node_modules/@esbuild/win32-arm64
75 silly ADD node_modules/@esbuild/sunos-x64
76 silly ADD node_modules/@esbuild/openbsd-x64
77 silly ADD node_modules/@esbuild/netbsd-x64
78 silly ADD node_modules/@esbuild/linux-x64
79 silly ADD node_modules/@esbuild/linux-s390x
80 silly ADD node_modules/@esbuild/linux-riscv64
81 silly ADD node_modules/@esbuild/linux-ppc64
82 silly ADD node_modules/@esbuild/linux-mips64el
83 silly ADD node_modules/@esbuild/linux-loong64
84 silly ADD node_modules/@esbuild/linux-ia32
85 silly ADD node_modules/@esbuild/linux-arm64
86 silly ADD node_modules/@esbuild/linux-arm
87 silly ADD node_modules/@esbuild/freebsd-x64
88 silly ADD node_modules/@esbuild/freebsd-arm64
89 silly ADD node_modules/@esbuild/darwin-x64
90 silly ADD node_modules/@esbuild/darwin-arm64
91 silly ADD node_modules/@esbuild/android-x64
92 silly ADD node_modules/@esbuild/android-arm64
93 silly ADD node_modules/@esbuild/android-arm
94 verbose cwd C:\Practice\todo\frontend
95 verbose os Windows_NT 10.0.26200
96 verbose node v22.19.0
97 verbose npm  v11.6.1
98 verbose exit 0
99 info ok
