0 verbose cli C:\Program Files\nodejs\node.exe C:\Users\pmdin\AppData\Roaming\npm\node_modules\npm\bin\npm-cli.js
1 info using npm@11.6.1
2 info using node@v22.19.0
3 silly config load:file:C:\Users\pmdin\AppData\Roaming\npm\node_modules\npm\npmrc
4 silly config load:file:C:\Practice\todo\frontend\.npmrc
5 silly config load:file:C:\Users\pmdin\.npmrc
6 silly config load:file:C:\Users\pmdin\AppData\Roaming\npm\etc\npmrc
7 verbose title npm install
8 verbose argv "install"
9 verbose logfile logs-max:10 dir:C:\Practice\todo\frontend\UserspmdinAppDataRoamingnpm\_logs\2025-11-02T06_29_03_900Z-
10 verbose logfile C:\Practice\todo\frontend\UserspmdinAppDataRoamingnpm\_logs\2025-11-02T06_29_03_900Z-debug-0.log
11 silly logfile start cleaning logs, removing 1 files
12 silly packumentCache heap:2197815296 maxSize:549453824 maxEntrySize:274726912
13 silly logfile done cleaning log files
14 silly idealTree buildDeps
15 silly reify moves {}
16 silly audit bulk request {
16 silly audit   '@babel/code-frame': [ '7.27.1' ],
16 silly audit   '@babel/compat-data': [ '7.28.5' ],
16 silly audit   '@babel/core': [ '7.28.5' ],
16 silly audit   '@babel/generator': [ '7.28.5' ],
16 silly audit   '@babel/helper-compilation-targets': [ '7.27.2' ],
16 silly audit   '@babel/helper-globals': [ '7.28.0' ],
16 silly audit   '@babel/helper-module-imports': [ '7.27.1' ],
16 silly audit   '@babel/helper-module-transforms': [ '7.28.3' ],
16 silly audit   '@babel/helper-plugin-utils': [ '7.27.1' ],
16 silly audit   '@babel/helper-string-parser': [ '7.27.1' ],
16 silly audit   '@babel/helper-validator-identifier': [ '7.28.5' ],
16 silly audit   '@babel/helper-validator-option': [ '7.27.1' ],
16 silly audit   '@babel/helpers': [ '7.28.4' ],
16 silly audit   '@babel/parser': [ '7.28.5' ],
16 silly audit   '@babel/plugin-transform-react-jsx-self': [ '7.27.1' ],
16 silly audit   '@babel/plugin-transform-react-jsx-source': [ '7.27.1' ],
16 silly audit   '@babel/template': [ '7.27.2' ],
16 silly audit   '@babel/traverse': [ '7.28.5' ],
16 silly audit   '@babel/types': [ '7.28.5' ],
16 silly audit   '@esbuild/android-arm': [ '0.18.20' ],
16 silly audit   '@esbuild/android-arm64': [ '0.18.20' ],
16 silly audit   '@esbuild/android-x64': [ '0.18.20' ],
16 silly audit   '@esbuild/darwin-arm64': [ '0.18.20' ],
16 silly audit   '@esbuild/darwin-x64': [ '0.18.20' ],
16 silly audit   '@esbuild/freebsd-arm64': [ '0.18.20' ],
16 silly audit   '@esbuild/freebsd-x64': [ '0.18.20' ],
16 silly audit   '@esbuild/linux-arm': [ '0.18.20' ],
16 silly audit   '@esbuild/linux-arm64': [ '0.18.20' ],
16 silly audit   '@esbuild/linux-ia32': [ '0.18.20' ],
16 silly audit   '@esbuild/linux-loong64': [ '0.18.20' ],
16 silly audit   '@esbuild/linux-mips64el': [ '0.18.20' ],
16 silly audit   '@esbuild/linux-ppc64': [ '0.18.20' ],
16 silly audit   '@esbuild/linux-riscv64': [ '0.18.20' ],
16 silly audit   '@esbuild/linux-s390x': [ '0.18.20' ],
16 silly audit   '@esbuild/linux-x64': [ '0.18.20' ],
16 silly audit   '@esbuild/netbsd-x64': [ '0.18.20' ],
16 silly audit   '@esbuild/openbsd-x64': [ '0.18.20' ],
16 silly audit   '@esbuild/sunos-x64': [ '0.18.20' ],
16 silly audit   '@esbuild/win32-arm64': [ '0.18.20' ],
16 silly audit   '@esbuild/win32-ia32': [ '0.18.20' ],
16 silly audit   '@esbuild/win32-x64': [ '0.18.20' ],
16 silly audit   '@jridgewell/gen-mapping': [ '0.3.13' ],
16 silly audit   '@jridgewell/remapping': [ '2.3.5' ],
16 silly audit   '@jridgewell/resolve-uri': [ '3.1.2' ],
16 silly audit   '@jridgewell/sourcemap-codec': [ '1.5.5' ],
16 silly audit   '@jridgewell/trace-mapping': [ '0.3.31' ],
16 silly audit   '@vitejs/plugin-react': [ '3.1.0' ],
16 silly audit   asynckit: [ '0.4.0' ],
16 silly audit   axios: [ '1.13.1' ],
16 silly audit   'baseline-browser-mapping': [ '2.8.23' ],
16 silly audit   browserslist: [ '4.27.0' ],
16 silly audit   'call-bind-apply-helpers': [ '1.0.2' ],
16 silly audit   'caniuse-lite': [ '1.0.30001752' ],
16 silly audit   'combined-stream': [ '1.0.8' ],
16 silly audit   'convert-source-map': [ '2.0.0' ],
16 silly audit   debug: [ '4.4.3' ],
16 silly audit   'delayed-stream': [ '1.0.0' ],
16 silly audit   'dunder-proto': [ '1.0.1' ],
16 silly audit   'electron-to-chromium': [ '1.5.244' ],
16 silly audit   'es-define-property': [ '1.0.1' ],
16 silly audit   'es-errors': [ '1.3.0' ],
16 silly audit   'es-object-atoms': [ '1.1.1' ],
16 silly audit   'es-set-tostringtag': [ '2.1.0' ],
16 silly audit   esbuild: [ '0.18.20' ],
16 silly audit   escalade: [ '3.2.0' ],
16 silly audit   'follow-redirects': [ '1.15.11' ],
16 silly audit   'form-data': [ '4.0.4' ],
16 silly audit   fsevents: [ '2.3.3' ],
16 silly audit   'function-bind': [ '1.1.2' ],
16 silly audit   gensync: [ '1.0.0-beta.2' ],
16 silly audit   'get-intrinsic': [ '1.3.0' ],
16 silly audit   'get-proto': [ '1.0.1' ],
16 silly audit   gopd: [ '1.2.0' ],
16 silly audit   'has-symbols': [ '1.1.0' ],
16 silly audit   'has-tostringtag': [ '1.0.2' ],
16 silly audit   hasown: [ '2.0.2' ],
16 silly audit   'js-tokens': [ '4.0.0' ],
16 silly audit   jsesc: [ '3.1.0' ],
16 silly audit   json5: [ '2.2.3' ],
16 silly audit   'loose-envify': [ '1.4.0' ],
16 silly audit   'lru-cache': [ '5.1.1' ],
16 silly audit   'magic-string': [ '0.27.0' ],
16 silly audit   'math-intrinsics': [ '1.1.0' ],
16 silly audit   'mime-db': [ '1.52.0' ],
16 silly audit   'mime-types': [ '2.1.35' ],
16 silly audit   ms: [ '2.1.3' ],
16 silly audit   nanoid: [ '3.3.11' ],
16 silly audit   'node-releases': [ '2.0.27' ],
16 silly audit   picocolors: [ '1.1.1' ],
16 silly audit   postcss: [ '8.5.6' ],
16 silly audit   'proxy-from-env': [ '1.1.0' ],
16 silly audit   react: [ '18.3.1' ],
16 silly audit   'react-dom': [ '18.3.1' ],
16 silly audit   'react-refresh': [ '0.14.2' ],
16 silly audit   rollup: [ '3.29.5' ],
16 silly audit   scheduler: [ '0.23.2' ],
16 silly audit   semver: [ '6.3.1' ],
16 silly audit   'source-map-js': [ '1.2.1' ],
16 silly audit   'update-browserslist-db': [ '1.1.4' ],
16 silly audit   vite: [ '4.5.14' ],
16 silly audit   yallist: [ '3.1.1' ]
16 silly audit }
17 http fetch POST 200 https://registry.npmjs.org/-/npm/v1/security/advisories/bulk 757ms
18 silly audit report {
18 silly audit report   esbuild: [
18 silly audit report     {
18 silly audit report       id: 1102341,
18 silly audit report       url: 'https://github.com/advisories/GHSA-67mh-4wv8-2f99',
18 silly audit report       title: 'esbuild enables any website to send any requests to the development server and read the response',
18 silly audit report       severity: 'moderate',
18 silly audit report       vulnerable_versions: '<=0.24.2',
18 silly audit report       cwe: [Array],
18 silly audit report       cvss: [Object]
18 silly audit report     }
18 silly audit report   ],
18 silly audit report   vite: [
18 silly audit report     {
18 silly audit report       id: 1107323,
18 silly audit report       url: 'https://github.com/advisories/GHSA-g4jq-h2w9-997c',
18 silly audit report       title: 'Vite middleware may serve files starting with the same name with the public directory',
18 silly audit report       severity: 'low',
18 silly audit report       vulnerable_versions: '<=5.4.19',
18 silly audit report       cwe: [Array],
18 silly audit report       cvss: [Object]
18 silly audit report     },
18 silly audit report     {
18 silly audit report       id: 1107327,
18 silly audit report       url: 'https://github.com/advisories/GHSA-jqfw-vq24-v9c3',
18 silly audit report       title: "Vite's `server.fs` settings were not applied to HTML files",
18 silly audit report       severity: 'low',
18 silly audit report       vulnerable_versions: '<=5.4.19',
18 silly audit report       cwe: [Array],
18 silly audit report       cvss: [Object]
18 silly audit report     },
18 silly audit report     {
18 silly audit report       id: 1109132,
18 silly audit report       url: 'https://github.com/advisories/GHSA-93m4-6634-74q7',
18 silly audit report       title: 'vite allows server.fs.deny bypass via backslash on Windows',
18 silly audit report       severity: 'moderate',
18 silly audit report       vulnerable_versions: '>=4.5.3 <5.0.0',
18 silly audit report       cwe: [Array],
18 silly audit report       cvss: [Object]
18 silly audit report     }
18 silly audit report   ]
18 silly audit report }
19 silly packumentCache corgi:https://registry.npmjs.org/esbuild cache-miss
20 silly packumentCache corgi:https://registry.npmjs.org/vite cache-miss
21 http fetch GET 200 https://registry.npmjs.org/esbuild 253ms (cache revalidated)
22 silly packumentCache corgi:https://registry.npmjs.org/esbuild set size:871322 disposed:false
23 http fetch GET 200 https://registry.npmjs.org/vite 332ms (cache revalidated)
24 silly packumentCache corgi:https://registry.npmjs.org/vite set size:2112523 disposed:false
25 silly packumentCache corgi:https://registry.npmjs.org/@vitejs%2fplugin-react cache-miss
26 http fetch GET 200 https://registry.npmjs.org/@vitejs%2fplugin-react 225ms (cache revalidated)
27 silly packumentCache corgi:https://registry.npmjs.org/@vitejs%2fplugin-react set size:102396 disposed:false
28 verbose cwd C:\Practice\todo\frontend
29 verbose os Windows_NT 10.0.26200
30 verbose node v22.19.0
31 verbose npm  v11.6.1
32 verbose exit 0
33 info ok
